<?xml version="1.0" encoding="UTF-8"?>
<testng-results ignored="20" total="141" passed="121" failed="0" skipped="0">
  <reporter-output>
    <line>
      <![CDATA[Extent Report DirectoryC:\Users\maish\Desktop\Demo\Group5\NYMag\target\surefire-reports\html]]>
    </line>
    <line>
      <![CDATA[HomepageTest: click On Burger Icon]]>
    </line>
    <line>
      <![CDATA[NYMagHomepage: click On Burger Icon]]>
    </line>
    <line>
      <![CDATA[NYMagHomepage: get Burger Icon]]>
    </line>
    <line>
      <![CDATA[HomepageTest: grub Street Tab]]>
    </line>
    <line>
      <![CDATA[NYMagHomepage: click On Grub Street Tab]]>
    </line>
    <line>
      <![CDATA[NYMagHomepage: get Grub Street Web Element]]>
    </line>
    <line>
      <![CDATA[HomepageTest: intelligencer Tabs]]>
    </line>
    <line>
      <![CDATA[NYMagHomepage: click On Intelligencer Tab]]>
    </line>
    <line>
      <![CDATA[NYMagHomepage: get Intelligencer Web Element]]>
    </line>
    <line>
      <![CDATA[HomepageTest: strategist Tab]]>
    </line>
    <line>
      <![CDATA[NYMagHomepage: click On Strategist Tab]]>
    </line>
    <line>
      <![CDATA[NYMagHomepage: get Strategist Web Element]]>
    </line>
    <line>
      <![CDATA[HomepageTest: the Cut Tabs]]>
    </line>
    <line>
      <![CDATA[NYMagHomepage: click On The Cut Tab]]>
    </line>
    <line>
      <![CDATA[NYMagHomepage: get The Cut Web Element]]>
    </line>
    <line>
      <![CDATA[HomepageTest: vulture Tabs]]>
    </line>
    <line>
      <![CDATA[NYMagHomepage: click On Vulture Tab]]>
    </line>
    <line>
      <![CDATA[NYMagHomepage: get Vulture Web Element]]>
    </line>
    <line>
      <![CDATA[HomepageTest2: burger Icon Hover]]>
    </line>
    <line>
      <![CDATA[NYMagHomepage: hover On Burger Icon]]>
    </line>
    <line>
      <![CDATA[HomepageTest2: grub Street Hover]]>
    </line>
    <line>
      <![CDATA[NYMagHomepage: hover On Grub Street Tab]]>
    </line>
    <line>
      <![CDATA[HomepageTest2: intelligencer Hover]]>
    </line>
    <line>
      <![CDATA[NYMagHomepage: hover On Intelligencer Tab]]>
    </line>
    <line>
      <![CDATA[HomepageTest2: strategist Hover]]>
    </line>
    <line>
      <![CDATA[NYMagHomepage: hover On Strategist Tab]]>
    </line>
    <line>
      <![CDATA[HomepageTest2: the Cut Hover]]>
    </line>
    <line>
      <![CDATA[NYMagHomepage: hover On The Cut Tab]]>
    </line>
    <line>
      <![CDATA[HomepageTest2: vulture Hover]]>
    </line>
    <line>
      <![CDATA[NYMagHomepage: hover On Vulture Tab]]>
    </line>
    <line>
      <![CDATA[SignUpTest: test That Subscribe Btn Works]]>
    </line>
    <line>
      <![CDATA[NYMagSignUp: click On Subscribe Btn]]>
    </line>
    <line>
      <![CDATA[NYMagSignUp: get Click On Subscribe Btn]]>
    </line>
    <line>
      <![CDATA[SignUpTest: test That User Can Sign In With Valid Credentials]]>
    </line>
    <line>
      <![CDATA[NYMagSignUp: click On User Sign In Btn]]>
    </line>
    <line>
      <![CDATA[NYMagSignUp: get Click On User Sign In Btn]]>
    </line>
    <line>
      <![CDATA[NYMagSignUp: type Email Name]]>
    </line>
    <line>
      <![CDATA[NYMagSignUp: get Enter Email Web Element]]>
    </line>
    <line>
      <![CDATA[NYMagSignUp: type User Password]]>
    </line>
    <line>
      <![CDATA[NYMagSignUp: get Enter Password]]>
    </line>
    <line>
      <![CDATA[NYMagSignUp: click On Sign In Btn]]>
    </line>
    <line>
      <![CDATA[NYMagSignUp: get Click On Sign In Btn Web Element]]>
    </line>
    <line>
      <![CDATA[SignUpTest: test That User Cannot Sign In With Invalid Credentials]]>
    </line>
    <line>
      <![CDATA[NYMagSignUp: click On User Sign In Btn]]>
    </line>
    <line>
      <![CDATA[NYMagSignUp: get Click On User Sign In Btn]]>
    </line>
    <line>
      <![CDATA[NYMagSignUp: type Email Name]]>
    </line>
    <line>
      <![CDATA[NYMagSignUp: get Enter Email Web Element]]>
    </line>
    <line>
      <![CDATA[NYMagSignUp: type User Password]]>
    </line>
    <line>
      <![CDATA[NYMagSignUp: get Enter Password]]>
    </line>
    <line>
      <![CDATA[NYMagSignUp: click On Sign In Btn]]>
    </line>
    <line>
      <![CDATA[NYMagSignUp: get Click On Sign In Btn Web Element]]>
    </line>
    <line>
      <![CDATA[SignUpTest: test That User Cannot Sign In Without Email]]>
    </line>
    <line>
      <![CDATA[NYMagSignUp: click On User Sign In Btn]]>
    </line>
    <line>
      <![CDATA[NYMagSignUp: get Click On User Sign In Btn]]>
    </line>
    <line>
      <![CDATA[NYMagSignUp: type User Password]]>
    </line>
    <line>
      <![CDATA[NYMagSignUp: get Enter Password]]>
    </line>
    <line>
      <![CDATA[NYMagSignUp: click On Sign In Btn]]>
    </line>
    <line>
      <![CDATA[NYMagSignUp: get Click On Sign In Btn Web Element]]>
    </line>
    <line>
      <![CDATA[SignUpTest: test That User Cannot Sign In Without Password]]>
    </line>
    <line>
      <![CDATA[NYMagSignUp: click On User Sign In Btn]]>
    </line>
    <line>
      <![CDATA[NYMagSignUp: get Click On User Sign In Btn]]>
    </line>
    <line>
      <![CDATA[NYMagSignUp: type Email Name]]>
    </line>
    <line>
      <![CDATA[NYMagSignUp: get Enter Email Web Element]]>
    </line>
    <line>
      <![CDATA[NYMagSignUp: click On Sign In Btn]]>
    </line>
    <line>
      <![CDATA[NYMagSignUp: get Click On Sign In Btn Web Element]]>
    </line>
    <line>
      <![CDATA[SignUpTest: test That You Can Sign Up With Valid Email]]>
    </line>
    <line>
      <![CDATA[NYMagSignUp: type Email Name]]>
    </line>
    <line>
      <![CDATA[NYMagSignUp: get Enter Email Web Element]]>
    </line>
    <line>
      <![CDATA[NYMagSignUp: click On Submit]]>
    </line>
    <line>
      <![CDATA[NYMagSignUp: get Click On Submit Btn Web Element]]>
    </line>
    <line>
      <![CDATA[SignUpTest: test That You Cannot Sign Up With An Invalid Email]]>
    </line>
    <line>
      <![CDATA[NYMagSignUp: type Email Name]]>
    </line>
    <line>
      <![CDATA[NYMagSignUp: get Enter Email Web Element]]>
    </line>
    <line>
      <![CDATA[NYMagSignUp: click On Submit]]>
    </line>
    <line>
      <![CDATA[NYMagSignUp: get Click On Submit Btn Web Element]]>
    </line>
    <line>
      <![CDATA[DropDownMenuTest: test Click On Business]]>
    </line>
    <line>
      <![CDATA[DropDownMenu: click On Business]]>
    </line>
    <line>
      <![CDATA[DropDownMenu: click On Burger Icon]]>
    </line>
    <line>
      <![CDATA[DropDownMenu: get Burger Icon]]>
    </line>
    <line>
      <![CDATA[DropDownMenuTest: test Click On Ideas]]>
    </line>
    <line>
      <![CDATA[DropDownMenu: click On Ideas]]>
    </line>
    <line>
      <![CDATA[DropDownMenu: click On Burger Icon]]>
    </line>
    <line>
      <![CDATA[DropDownMenu: get Burger Icon]]>
    </line>
    <line>
      <![CDATA[DropDownMenuTest: test Click On Intelligencer]]>
    </line>
    <line>
      <![CDATA[DropDownMenu: click On Intelligencer]]>
    </line>
    <line>
      <![CDATA[DropDownMenu: click On Burger Icon]]>
    </line>
    <line>
      <![CDATA[DropDownMenu: get Burger Icon]]>
    </line>
    <line>
      <![CDATA[DropDownMenuTest: test Click On Politics]]>
    </line>
    <line>
      <![CDATA[DropDownMenu: click On Politics]]>
    </line>
    <line>
      <![CDATA[DropDownMenu: click On Burger Icon]]>
    </line>
    <line>
      <![CDATA[DropDownMenu: get Burger Icon]]>
    </line>
    <line>
      <![CDATA[DropDownMenuTest: test Click On Technology]]>
    </line>
    <line>
      <![CDATA[DropDownMenu: click On Technology]]>
    </line>
    <line>
      <![CDATA[DropDownMenu: click On Burger Icon]]>
    </line>
    <line>
      <![CDATA[DropDownMenu: get Burger Icon]]>
    </line>
    <line>
      <![CDATA[DropDownMenuTest: test Get Text From Drop Down Menu]]>
    </line>
    <line>
      <![CDATA[DropDownMenu: click On Burger Icon]]>
    </line>
    <line>
      <![CDATA[DropDownMenu: get Burger Icon]]>
    </line>
    <line>
      <![CDATA[DropDownMenu: get Text Drop Down]]>
    </line>
    <line>
      <![CDATA[DropDownMenuTest: test That Search Bar Works]]>
    </line>
    <line>
      <![CDATA[DropDownMenu: click On Burger Icon]]>
    </line>
    <line>
      <![CDATA[DropDownMenu: get Burger Icon]]>
    </line>
    <line>
      <![CDATA[DropDownMenu: type In Search Bar]]>
    </line>
    <line>
      <![CDATA[DropDownMenu: get Search Bar Web Element]]>
    </line>
    <line>
      <![CDATA[DropDownMenu: click On Search]]>
    </line>
    <line>
      <![CDATA[DropDownMenu: get Click On Search]]>
    </line>
    <line>
      <![CDATA[DropDownMenuTest: test That You Can Clear Search Bar]]>
    </line>
    <line>
      <![CDATA[DropDownMenu: click On Burger Icon]]>
    </line>
    <line>
      <![CDATA[DropDownMenu: get Burger Icon]]>
    </line>
    <line>
      <![CDATA[DropDownMenu: type In Search Bar]]>
    </line>
    <line>
      <![CDATA[DropDownMenu: get Search Bar Web Element]]>
    </line>
    <line>
      <![CDATA[DropDownMenuTest: test That You Cannot Search With Empty Field]]>
    </line>
    <line>
      <![CDATA[DropDownMenu: click On Burger Icon]]>
    </line>
    <line>
      <![CDATA[DropDownMenu: get Burger Icon]]>
    </line>
    <line>
      <![CDATA[DropDownMenu: type In Search Bar]]>
    </line>
    <line>
      <![CDATA[DropDownMenu: get Search Bar Web Element]]>
    </line>
    <line>
      <![CDATA[DropDownMenu: click On Search]]>
    </line>
    <line>
      <![CDATA[DropDownMenu: get Click On Search]]>
    </line>
    <line>
      <![CDATA[TestDropDown: test Click On Art]]>
    </line>
    <line>
      <![CDATA[DropDownMenu: click On Burger Icon]]>
    </line>
    <line>
      <![CDATA[DropDownMenu: get Burger Icon]]>
    </line>
    <line>
      <![CDATA[DropDownMenu: click On Art]]>
    </line>
    <line>
      <![CDATA[TestDropDown: test Click On Books]]>
    </line>
    <line>
      <![CDATA[DropDownMenu: click On Burger Icon]]>
    </line>
    <line>
      <![CDATA[DropDownMenu: get Burger Icon]]>
    </line>
    <line>
      <![CDATA[DropDownMenu: click On Books]]>
    </line>
    <line>
      <![CDATA[TestDropDown: test Click On Comedy]]>
    </line>
    <line>
      <![CDATA[DropDownMenu: click On Burger Icon]]>
    </line>
    <line>
      <![CDATA[DropDownMenu: get Burger Icon]]>
    </line>
    <line>
      <![CDATA[DropDownMenu: click On Comedy]]>
    </line>
    <line>
      <![CDATA[TestDropDown: test Click On Culture]]>
    </line>
    <line>
      <![CDATA[DropDownMenu: click On Burger Icon]]>
    </line>
    <line>
      <![CDATA[DropDownMenu: get Burger Icon]]>
    </line>
    <line>
      <![CDATA[DropDownMenu: click On Culture]]>
    </line>
    <line>
      <![CDATA[TestDropDown: test Click On Design Hunting]]>
    </line>
    <line>
      <![CDATA[DropDownMenu: click On Burger Icon]]>
    </line>
    <line>
      <![CDATA[DropDownMenu: get Burger Icon]]>
    </line>
    <line>
      <![CDATA[DropDownMenu: click On Design Hunting]]>
    </line>
    <line>
      <![CDATA[TestDropDown: test Click On Electronics]]>
    </line>
    <line>
      <![CDATA[DropDownMenu: click On Burger Icon]]>
    </line>
    <line>
      <![CDATA[DropDownMenu: get Burger Icon]]>
    </line>
    <line>
      <![CDATA[DropDownMenu: click On Electronics]]>
    </line>
    <line>
      <![CDATA[TestDropDown: test Click On Fitness]]>
    </line>
    <line>
      <![CDATA[DropDownMenu: click On Burger Icon]]>
    </line>
    <line>
      <![CDATA[DropDownMenu: get Burger Icon]]>
    </line>
    <line>
      <![CDATA[DropDownMenu: click On Fitness]]>
    </line>
    <line>
      <![CDATA[TestDropDown: test Click On Kids]]>
    </line>
    <line>
      <![CDATA[DropDownMenu: click On Burger Icon]]>
    </line>
    <line>
      <![CDATA[DropDownMenu: get Burger Icon]]>
    </line>
    <line>
      <![CDATA[DropDownMenu: click On Kids]]>
    </line>
    <line>
      <![CDATA[TestDropDown: test Click On Movies]]>
    </line>
    <line>
      <![CDATA[DropDownMenu: click On Burger Icon]]>
    </line>
    <line>
      <![CDATA[DropDownMenu: get Burger Icon]]>
    </line>
    <line>
      <![CDATA[DropDownMenu: click On Movies]]>
    </line>
    <line>
      <![CDATA[TestDropDown: test Click On Music]]>
    </line>
    <line>
      <![CDATA[DropDownMenu: click On Burger Icon]]>
    </line>
    <line>
      <![CDATA[DropDownMenu: get Burger Icon]]>
    </line>
    <line>
      <![CDATA[DropDownMenu: click On Music]]>
    </line>
    <line>
      <![CDATA[TestDropDown: test Click On Power]]>
    </line>
    <line>
      <![CDATA[DropDownMenu: click On Burger Icon]]>
    </line>
    <line>
      <![CDATA[DropDownMenu: get Burger Icon]]>
    </line>
    <line>
      <![CDATA[DropDownMenu: click On Power]]>
    </line>
    <line>
      <![CDATA[TestDropDown: test Click On Self]]>
    </line>
    <line>
      <![CDATA[DropDownMenu: click On Burger Icon]]>
    </line>
    <line>
      <![CDATA[DropDownMenu: get Burger Icon]]>
    </line>
    <line>
      <![CDATA[DropDownMenu: click On Self]]>
    </line>
    <line>
      <![CDATA[TestDropDown: test Click On Stream]]>
    </line>
    <line>
      <![CDATA[DropDownMenu: click On Burger Icon]]>
    </line>
    <line>
      <![CDATA[DropDownMenu: get Burger Icon]]>
    </line>
    <line>
      <![CDATA[DropDownMenu: click On Stream]]>
    </line>
    <line>
      <![CDATA[TestDropDown: test Click On Style]]>
    </line>
    <line>
      <![CDATA[DropDownMenu: click On Burger Icon]]>
    </line>
    <line>
      <![CDATA[DropDownMenu: get Burger Icon]]>
    </line>
    <line>
      <![CDATA[DropDownMenu: click On Style]]>
    </line>
    <line>
      <![CDATA[TestDropDown: test Click On TV]]>
    </line>
    <line>
      <![CDATA[DropDownMenu: click On Burger Icon]]>
    </line>
    <line>
      <![CDATA[DropDownMenu: get Burger Icon]]>
    </line>
    <line>
      <![CDATA[DropDownMenu: click On TV]]>
    </line>
    <line>
      <![CDATA[TestDropDown: test Click On Theater]]>
    </line>
    <line>
      <![CDATA[DropDownMenu: click On Burger Icon]]>
    </line>
    <line>
      <![CDATA[DropDownMenu: get Burger Icon]]>
    </line>
    <line>
      <![CDATA[DropDownMenu: click On Theater]]>
    </line>
    <line>
      <![CDATA[TestDropDown: test Click On Travel]]>
    </line>
    <line>
      <![CDATA[DropDownMenu: click On Burger Icon]]>
    </line>
    <line>
      <![CDATA[DropDownMenu: get Burger Icon]]>
    </line>
    <line>
      <![CDATA[DropDownMenu: click On Travel]]>
    </line>
    <line>
      <![CDATA[TestDropDown: test Click On Weddings]]>
    </line>
    <line>
      <![CDATA[DropDownMenu: click On Burger Icon]]>
    </line>
    <line>
      <![CDATA[DropDownMenu: get Burger Icon]]>
    </line>
    <line>
      <![CDATA[DropDownMenu: click On Weddings]]>
    </line>
    <line>
      <![CDATA[TestDropDown2: test Click On Beauty]]>
    </line>
    <line>
      <![CDATA[DropDownMenu: click On Burger Icon]]>
    </line>
    <line>
      <![CDATA[DropDownMenu: get Burger Icon]]>
    </line>
    <line>
      <![CDATA[DropDownMenu: click On Beauty]]>
    </line>
    <line>
      <![CDATA[TestDropDown2: test Click On Culture]]>
    </line>
    <line>
      <![CDATA[DropDownMenu: click On Burger Icon]]>
    </line>
    <line>
      <![CDATA[DropDownMenu: get Burger Icon]]>
    </line>
    <line>
      <![CDATA[DropDownMenu: click On Culture]]>
    </line>
    <line>
      <![CDATA[TestDropDown2: test Click On Design Hunting]]>
    </line>
    <line>
      <![CDATA[DropDownMenu: click On Burger Icon]]>
    </line>
    <line>
      <![CDATA[DropDownMenu: get Burger Icon]]>
    </line>
    <line>
      <![CDATA[DropDownMenu: click On Design Hunting]]>
    </line>
    <line>
      <![CDATA[TestDropDown2: test Click On Dining]]>
    </line>
    <line>
      <![CDATA[DropDownMenu: click On Burger Icon]]>
    </line>
    <line>
      <![CDATA[DropDownMenu: get Burger Icon]]>
    </line>
    <line>
      <![CDATA[DropDownMenu: click On Dining]]>
    </line>
    <line>
      <![CDATA[TestDropDown2: test Click On Electronics]]>
    </line>
    <line>
      <![CDATA[DropDownMenu: click On Burger Icon]]>
    </line>
    <line>
      <![CDATA[DropDownMenu: get Burger Icon]]>
    </line>
    <line>
      <![CDATA[DropDownMenu: click On Electronics]]>
    </line>
    <line>
      <![CDATA[TestDropDown2: test Click On Fashion]]>
    </line>
    <line>
      <![CDATA[DropDownMenu: click On Burger Icon]]>
    </line>
    <line>
      <![CDATA[DropDownMenu: get Burger Icon]]>
    </line>
    <line>
      <![CDATA[DropDownMenu: click On Fashion]]>
    </line>
    <line>
      <![CDATA[TestDropDown2: test Click On Fitness]]>
    </line>
    <line>
      <![CDATA[DropDownMenu: click On Burger Icon]]>
    </line>
    <line>
      <![CDATA[DropDownMenu: get Burger Icon]]>
    </line>
    <line>
      <![CDATA[DropDownMenu: click On Fitness]]>
    </line>
    <line>
      <![CDATA[TestDropDown2: test Click On Gift Guides]]>
    </line>
    <line>
      <![CDATA[DropDownMenu: click On Burger Icon]]>
    </line>
    <line>
      <![CDATA[DropDownMenu: get Burger Icon]]>
    </line>
    <line>
      <![CDATA[DropDownMenu: click On Gift Guides]]>
    </line>
    <line>
      <![CDATA[TestDropDown2: test Click On Home]]>
    </line>
    <line>
      <![CDATA[DropDownMenu: click On Burger Icon]]>
    </line>
    <line>
      <![CDATA[DropDownMenu: get Burger Icon]]>
    </line>
    <line>
      <![CDATA[DropDownMenu: click On Home]]>
    </line>
    <line>
      <![CDATA[TestDropDown2: test Click On Kids]]>
    </line>
    <line>
      <![CDATA[DropDownMenu: click On Burger Icon]]>
    </line>
    <line>
      <![CDATA[DropDownMenu: get Burger Icon]]>
    </line>
    <line>
      <![CDATA[DropDownMenu: click On Kids]]>
    </line>
    <line>
      <![CDATA[TestDropDown2: test Click On Power]]>
    </line>
    <line>
      <![CDATA[DropDownMenu: click On Burger Icon]]>
    </line>
    <line>
      <![CDATA[DropDownMenu: get Burger Icon]]>
    </line>
    <line>
      <![CDATA[DropDownMenu: click On Power]]>
    </line>
    <line>
      <![CDATA[TestDropDown2: test Click On Restaurants And Bars]]>
    </line>
    <line>
      <![CDATA[DropDownMenu: click On Burger Icon]]>
    </line>
    <line>
      <![CDATA[DropDownMenu: get Burger Icon]]>
    </line>
    <line>
      <![CDATA[DropDownMenu: click On Restaurants And Bars]]>
    </line>
    <line>
      <![CDATA[TestDropDown2: test Click On Sales]]>
    </line>
    <line>
      <![CDATA[DropDownMenu: click On Burger Icon]]>
    </line>
    <line>
      <![CDATA[DropDownMenu: get Burger Icon]]>
    </line>
    <line>
      <![CDATA[DropDownMenu: click On Sales]]>
    </line>
    <line>
      <![CDATA[TestDropDown2: test Click On TV]]>
    </line>
    <line>
      <![CDATA[DropDownMenu: click On Burger Icon]]>
    </line>
    <line>
      <![CDATA[DropDownMenu: get Burger Icon]]>
    </line>
    <line>
      <![CDATA[DropDownMenu: click On TV]]>
    </line>
    <line>
      <![CDATA[TestDropDown2: test Click On Thousand Best]]>
    </line>
    <line>
      <![CDATA[DropDownMenu: click On Burger Icon]]>
    </line>
    <line>
      <![CDATA[DropDownMenu: get Burger Icon]]>
    </line>
    <line>
      <![CDATA[DropDownMenu: click On Thousand Best]]>
    </line>
    <line>
      <![CDATA[TestDropDown2: test Click On Travel]]>
    </line>
    <line>
      <![CDATA[DropDownMenu: click On Burger Icon]]>
    </line>
    <line>
      <![CDATA[DropDownMenu: get Burger Icon]]>
    </line>
    <line>
      <![CDATA[DropDownMenu: click On Travel]]>
    </line>
    <line>
      <![CDATA[TestDropDown2: test Click On Weddings]]>
    </line>
    <line>
      <![CDATA[DropDownMenu: click On Burger Icon]]>
    </line>
    <line>
      <![CDATA[DropDownMenu: get Burger Icon]]>
    </line>
    <line>
      <![CDATA[DropDownMenu: click On Weddings]]>
    </line>
    <line>
      <![CDATA[TestDropDown3: test Click On About]]>
    </line>
    <line>
      <![CDATA[DropDownMenu: click On Burger Icon]]>
    </line>
    <line>
      <![CDATA[DropDownMenu: get Burger Icon]]>
    </line>
    <line>
      <![CDATA[DropDownMenu: click On About]]>
    </line>
    <line>
      <![CDATA[TestDropDown3: test Click On Best Doctors]]>
    </line>
    <line>
      <![CDATA[DropDownMenu: click On Burger Icon]]>
    </line>
    <line>
      <![CDATA[DropDownMenu: get Burger Icon]]>
    </line>
    <line>
      <![CDATA[DropDownMenu: click On Best Doctors]]>
    </line>
    <line>
      <![CDATA[TestDropDown3: test Click On Best Of New York]]>
    </line>
    <line>
      <![CDATA[DropDownMenu: click On Burger Icon]]>
    </line>
    <line>
      <![CDATA[DropDownMenu: get Burger Icon]]>
    </line>
    <line>
      <![CDATA[DropDownMenu: click On Best Of New York]]>
    </line>
    <line>
      <![CDATA[TestDropDown3: test Click On Crossword]]>
    </line>
    <line>
      <![CDATA[DropDownMenu: click On Burger Icon]]>
    </line>
    <line>
      <![CDATA[DropDownMenu: get Burger Icon]]>
    </line>
    <line>
      <![CDATA[DropDownMenu: click On Crossword]]>
    </line>
    <line>
      <![CDATA[TestDropDown3: test Click On Current Issue]]>
    </line>
    <line>
      <![CDATA[DropDownMenu: click On Burger Icon]]>
    </line>
    <line>
      <![CDATA[DropDownMenu: get Burger Icon]]>
    </line>
    <line>
      <![CDATA[DropDownMenu: click On Current Issue]]>
    </line>
    <line>
      <![CDATA[TestDropDown3: test Click On Gift Subscription]]>
    </line>
    <line>
      <![CDATA[DropDownMenu: click On Burger Icon]]>
    </line>
    <line>
      <![CDATA[DropDownMenu: get Burger Icon]]>
    </line>
    <line>
      <![CDATA[DropDownMenu: click On Gift Subscriptions]]>
    </line>
    <line>
      <![CDATA[TestDropDown3: test Click On Legal Leaders]]>
    </line>
    <line>
      <![CDATA[DropDownMenu: click On Burger Icon]]>
    </line>
    <line>
      <![CDATA[DropDownMenu: get Burger Icon]]>
    </line>
    <line>
      <![CDATA[DropDownMenu: click On Legal Leaders]]>
    </line>
    <line>
      <![CDATA[TestDropDown3: test Click On Newsletters]]>
    </line>
    <line>
      <![CDATA[DropDownMenu: click On Burger Icon]]>
    </line>
    <line>
      <![CDATA[DropDownMenu: get Burger Icon]]>
    </line>
    <line>
      <![CDATA[DropDownMenu: click On Newsletters]]>
    </line>
    <line>
      <![CDATA[TestDropDown3: test Click On The Urbanist]]>
    </line>
    <line>
      <![CDATA[DropDownMenu: click On Burger Icon]]>
    </line>
    <line>
      <![CDATA[DropDownMenu: get Burger Icon]]>
    </line>
    <line>
      <![CDATA[DropDownMenu: click On The Urbanist]]>
    </line>
    <line>
      <![CDATA[TestDropDown3: test Click On Videos]]>
    </line>
    <line>
      <![CDATA[DropDownMenu: click On Burger Icon]]>
    </line>
    <line>
      <![CDATA[DropDownMenu: get Burger Icon]]>
    </line>
    <line>
      <![CDATA[DropDownMenu: click On Videos]]>
    </line>
    <line>
      <![CDATA[TestGiftSubscription: test Click On Not A Gift]]>
    </line>
    <line>
      <![CDATA[DropDownMenu: click On Not A Gift]]>
    </line>
    <line>
      <![CDATA[DropDownMenu: click On Burger Icon]]>
    </line>
    <line>
      <![CDATA[DropDownMenu: get Burger Icon]]>
    </line>
    <line>
      <![CDATA[DropDownMenu: click On Gift Subscriptions]]>
    </line>
    <line>
      <![CDATA[TestGiftSubscription: test Subscribe To Magazine Via Not A Gift]]>
    </line>
    <line>
      <![CDATA[DropDownMenu: click On Subscribe To Dig And Print]]>
    </line>
    <line>
      <![CDATA[DropDownMenu: click On Not A Gift]]>
    </line>
    <line>
      <![CDATA[DropDownMenu: click On Burger Icon]]>
    </line>
    <line>
      <![CDATA[DropDownMenu: get Burger Icon]]>
    </line>
    <line>
      <![CDATA[DropDownMenu: click On Gift Subscriptions]]>
    </line>
    <line>
      <![CDATA[TestDropDownMenu: Art Icon Hover]]>
    </line>
    <line>
      <![CDATA[DropDownMenu2: click On Burger Icon]]>
    </line>
    <line>
      <![CDATA[DropDownMenu2: hover On Art]]>
    </line>
    <line>
      <![CDATA[TestDropDownMenu: Beauty Icon Hover]]>
    </line>
    <line>
      <![CDATA[DropDownMenu2: click On Burger Icon]]>
    </line>
    <line>
      <![CDATA[DropDownMenu2: hover On Beauty]]>
    </line>
    <line>
      <![CDATA[TestDropDownMenu: Books Icon Hover]]>
    </line>
    <line>
      <![CDATA[DropDownMenu2: click On Burger Icon]]>
    </line>
    <line>
      <![CDATA[DropDownMenu2: hover On Books]]>
    </line>
    <line>
      <![CDATA[TestDropDownMenu: Business Icon Hover]]>
    </line>
    <line>
      <![CDATA[DropDownMenu2: hover On Business]]>
    </line>
    <line>
      <![CDATA[DropDownMenu2: click On Burger Icon]]>
    </line>
    <line>
      <![CDATA[TestDropDownMenu: Comedy Icon Hover]]>
    </line>
    <line>
      <![CDATA[DropDownMenu2: click On Burger Icon]]>
    </line>
    <line>
      <![CDATA[DropDownMenu2: hover On Comedy]]>
    </line>
    <line>
      <![CDATA[TestDropDownMenu: Culture Icon Hover]]>
    </line>
    <line>
      <![CDATA[DropDownMenu2: click On Burger Icon]]>
    </line>
    <line>
      <![CDATA[DropDownMenu2: hover On Culture]]>
    </line>
    <line>
      <![CDATA[TestDropDownMenu: Design Icon Hover]]>
    </line>
    <line>
      <![CDATA[DropDownMenu2: click On Burger Icon]]>
    </line>
    <line>
      <![CDATA[DropDownMenu2: hover On Design Hunting]]>
    </line>
    <line>
      <![CDATA[TestDropDownMenu: Dining Icon Hover]]>
    </line>
    <line>
      <![CDATA[DropDownMenu2: click On Burger Icon]]>
    </line>
    <line>
      <![CDATA[DropDownMenu2: hover On Dining]]>
    </line>
    <line>
      <![CDATA[TestDropDownMenu: Electronics Icon Hover]]>
    </line>
    <line>
      <![CDATA[DropDownMenu2: click On Burger Icon]]>
    </line>
    <line>
      <![CDATA[DropDownMenu2: hover On Electronics]]>
    </line>
    <line>
      <![CDATA[TestDropDownMenu: Fashion Icon Hover]]>
    </line>
    <line>
      <![CDATA[DropDownMenu2: click On Burger Icon]]>
    </line>
    <line>
      <![CDATA[DropDownMenu2: hover On Fashion]]>
    </line>
    <line>
      <![CDATA[TestDropDownMenu: Fitness Icon Hover]]>
    </line>
    <line>
      <![CDATA[DropDownMenu2: click On Burger Icon]]>
    </line>
    <line>
      <![CDATA[DropDownMenu2: hover On Fitness]]>
    </line>
    <line>
      <![CDATA[TestDropDownMenu: Gift Guides Icon Hover]]>
    </line>
    <line>
      <![CDATA[DropDownMenu2: click On Burger Icon]]>
    </line>
    <line>
      <![CDATA[DropDownMenu2: hover On Gift Guides]]>
    </line>
    <line>
      <![CDATA[TestDropDownMenu: Home Icon Hover]]>
    </line>
    <line>
      <![CDATA[DropDownMenu2: click On Burger Icon]]>
    </line>
    <line>
      <![CDATA[DropDownMenu2: hover On Home]]>
    </line>
    <line>
      <![CDATA[TestDropDownMenu: Ideas Icon Hover]]>
    </line>
    <line>
      <![CDATA[DropDownMenu2: hover On Ideas]]>
    </line>
    <line>
      <![CDATA[DropDownMenu2: click On Burger Icon]]>
    </line>
    <line>
      <![CDATA[TestDropDownMenu: Kids Icon Hover]]>
    </line>
    <line>
      <![CDATA[DropDownMenu2: click On Burger Icon]]>
    </line>
    <line>
      <![CDATA[DropDownMenu2: hover On Kids]]>
    </line>
    <line>
      <![CDATA[TestDropDownMenu: Movies Icon Hover]]>
    </line>
    <line>
      <![CDATA[DropDownMenu2: click On Burger Icon]]>
    </line>
    <line>
      <![CDATA[DropDownMenu2: hover On Movies]]>
    </line>
    <line>
      <![CDATA[TestDropDownMenu: Music Icon Hover]]>
    </line>
    <line>
      <![CDATA[DropDownMenu2: click On Burger Icon]]>
    </line>
    <line>
      <![CDATA[DropDownMenu2: hover On Music]]>
    </line>
    <line>
      <![CDATA[TestDropDownMenu: Politics Icon Hover]]>
    </line>
    <line>
      <![CDATA[DropDownMenu2: hover On Politics]]>
    </line>
    <line>
      <![CDATA[DropDownMenu2: click On Burger Icon]]>
    </line>
    <line>
      <![CDATA[TestDropDownMenu: Power Icon Hover]]>
    </line>
    <line>
      <![CDATA[DropDownMenu2: click On Burger Icon]]>
    </line>
    <line>
      <![CDATA[DropDownMenu2: hover On Power]]>
    </line>
    <line>
      <![CDATA[TestDropDownMenu: Restaurant And Bars Icon Hover]]>
    </line>
    <line>
      <![CDATA[DropDownMenu2: click On Burger Icon]]>
    </line>
    <line>
      <![CDATA[DropDownMenu2: hover On Restaurant And Bars]]>
    </line>
    <line>
      <![CDATA[TestDropDownMenu: Sales Icon Hover]]>
    </line>
    <line>
      <![CDATA[DropDownMenu2: click On Burger Icon]]>
    </line>
    <line>
      <![CDATA[DropDownMenu2: hover On Sales]]>
    </line>
    <line>
      <![CDATA[TestDropDownMenu: Self Icon Hover]]>
    </line>
    <line>
      <![CDATA[DropDownMenu2: click On Burger Icon]]>
    </line>
    <line>
      <![CDATA[DropDownMenu2: hover On Self]]>
    </line>
    <line>
      <![CDATA[TestDropDownMenu: Stream Icon Hover]]>
    </line>
    <line>
      <![CDATA[DropDownMenu2: click On Burger Icon]]>
    </line>
    <line>
      <![CDATA[DropDownMenu2: hover On Stream]]>
    </line>
    <line>
      <![CDATA[TestDropDownMenu: Style Icon Hover]]>
    </line>
    <line>
      <![CDATA[DropDownMenu2: click On Burger Icon]]>
    </line>
    <line>
      <![CDATA[DropDownMenu2: hover On Style]]>
    </line>
    <line>
      <![CDATA[TestDropDownMenu: TV Icon Hover]]>
    </line>
    <line>
      <![CDATA[DropDownMenu2: click On Burger Icon]]>
    </line>
    <line>
      <![CDATA[DropDownMenu2: hover On TV]]>
    </line>
    <line>
      <![CDATA[TestDropDownMenu: Technology Icon Hover]]>
    </line>
    <line>
      <![CDATA[DropDownMenu2: hover On Technology]]>
    </line>
    <line>
      <![CDATA[DropDownMenu2: click On Burger Icon]]>
    </line>
    <line>
      <![CDATA[TestDropDownMenu: Theater Icon Hover]]>
    </line>
    <line>
      <![CDATA[DropDownMenu2: click On Burger Icon]]>
    </line>
    <line>
      <![CDATA[DropDownMenu2: hover On Theater]]>
    </line>
    <line>
      <![CDATA[TestDropDownMenu: Thousand Best Icon Hover]]>
    </line>
    <line>
      <![CDATA[DropDownMenu2: click On Burger Icon]]>
    </line>
    <line>
      <![CDATA[DropDownMenu2: hover On Thousand Best]]>
    </line>
    <line>
      <![CDATA[TestDropDownMenu: Travel Icon Hover]]>
    </line>
    <line>
      <![CDATA[DropDownMenu2: click On Burger Icon]]>
    </line>
    <line>
      <![CDATA[DropDownMenu2: hover On Travel]]>
    </line>
    <line>
      <![CDATA[TestDropDownMenu: Weddings Icon Hover]]>
    </line>
    <line>
      <![CDATA[DropDownMenu2: click On Burger Icon]]>
    </line>
    <line>
      <![CDATA[DropDownMenu2: hover On Weddings]]>
    </line>
    <line>
      <![CDATA[TestDropDownMenuContinued: About Icon Hover]]>
    </line>
    <line>
      <![CDATA[DropDownMenu2: click On Burger Icon]]>
    </line>
    <line>
      <![CDATA[DropDownMenu2: hover On About]]>
    </line>
    <line>
      <![CDATA[TestDropDownMenuContinued: Best Doctors Icon Hover]]>
    </line>
    <line>
      <![CDATA[DropDownMenu2: click On Burger Icon]]>
    </line>
    <line>
      <![CDATA[DropDownMenu2: hover On Best Doctors]]>
    </line>
    <line>
      <![CDATA[TestDropDownMenuContinued: Best Of NY Icon Hover]]>
    </line>
    <line>
      <![CDATA[DropDownMenu2: click On Burger Icon]]>
    </line>
    <line>
      <![CDATA[DropDownMenu2: hover On Best Of New York]]>
    </line>
    <line>
      <![CDATA[TestDropDownMenuContinued: Crossword Icon Hover]]>
    </line>
    <line>
      <![CDATA[DropDownMenu2: click On Burger Icon]]>
    </line>
    <line>
      <![CDATA[DropDownMenu2: hover On Crossword]]>
    </line>
    <line>
      <![CDATA[TestDropDownMenuContinued: Current Issue Icon Hover]]>
    </line>
    <line>
      <![CDATA[DropDownMenu2: click On Burger Icon]]>
    </line>
    <line>
      <![CDATA[DropDownMenu2: hover On Current Issue]]>
    </line>
    <line>
      <![CDATA[TestDropDownMenuContinued: Gift Guides Icon Hover]]>
    </line>
    <line>
      <![CDATA[DropDownMenu2: click On Burger Icon]]>
    </line>
    <line>
      <![CDATA[DropDownMenu2: hover On Gift Guides]]>
    </line>
    <line>
      <![CDATA[TestDropDownMenuContinued: Gift Subscription Icon Hover]]>
    </line>
    <line>
      <![CDATA[DropDownMenu2: click On Burger Icon]]>
    </line>
    <line>
      <![CDATA[DropDownMenu2: hover On Gift Subscription]]>
    </line>
    <line>
      <![CDATA[TestDropDownMenuContinued: Legal Leaders Icon Hover]]>
    </line>
    <line>
      <![CDATA[DropDownMenu2: click On Burger Icon]]>
    </line>
    <line>
      <![CDATA[DropDownMenu2: hover On Legal Leaders]]>
    </line>
    <line>
      <![CDATA[TestDropDownMenuContinued: Newsletters Icon Hover]]>
    </line>
    <line>
      <![CDATA[DropDownMenu2: click On Burger Icon]]>
    </line>
    <line>
      <![CDATA[DropDownMenu2: hover On Newsletters]]>
    </line>
    <line>
      <![CDATA[TestDropDownMenuContinued: Restaurant And Bars Icon Hover]]>
    </line>
    <line>
      <![CDATA[DropDownMenu2: click On Burger Icon]]>
    </line>
    <line>
      <![CDATA[DropDownMenu2: hover On Restaurant And Bars]]>
    </line>
    <line>
      <![CDATA[TestDropDownMenuContinued: Sales Icon Hover]]>
    </line>
    <line>
      <![CDATA[DropDownMenu2: click On Burger Icon]]>
    </line>
    <line>
      <![CDATA[DropDownMenu2: hover On Sales]]>
    </line>
    <line>
      <![CDATA[TestDropDownMenuContinued: Stream Icon Hover]]>
    </line>
    <line>
      <![CDATA[DropDownMenu2: click On Burger Icon]]>
    </line>
    <line>
      <![CDATA[DropDownMenu2: hover On Stream]]>
    </line>
    <line>
      <![CDATA[TestDropDownMenuContinued: The Urbanist Icon Hover]]>
    </line>
    <line>
      <![CDATA[DropDownMenu2: click On Burger Icon]]>
    </line>
    <line>
      <![CDATA[DropDownMenu2: hover On The Urbanist]]>
    </line>
    <line>
      <![CDATA[TestDropDownMenuContinued: Thousand Best Icon Hover]]>
    </line>
    <line>
      <![CDATA[DropDownMenu2: click On Burger Icon]]>
    </line>
    <line>
      <![CDATA[DropDownMenu2: hover On Thousand Best]]>
    </line>
    <line>
      <![CDATA[TestDropDownMenuContinued: Videos Icon Hover]]>
    </line>
    <line>
      <![CDATA[DropDownMenu2: click On Burger Icon]]>
    </line>
    <line>
      <![CDATA[DropDownMenu2: hover On Videos]]>
    </line>
    <line>
      <![CDATA[NYMagHomepage: click On The Cut Tab]]>
    </line>
    <line>
      <![CDATA[NYMagHomepage: get The Cut Web Element]]>
    </line>
    <line>
      <![CDATA[NYMagHomepage: click On Vulture Tab]]>
    </line>
    <line>
      <![CDATA[NYMagHomepage: get Vulture Web Element]]>
    </line>
    <line>
      <![CDATA[NYMagHomepage: click On Grub Street Tab]]>
    </line>
    <line>
      <![CDATA[NYMagHomepage: get Grub Street Web Element]]>
    </line>
    <line>
      <![CDATA[NYMagHomepage: click On Strategist Tab]]>
    </line>
    <line>
      <![CDATA[NYMagHomepage: get Strategist Web Element]]>
    </line>
  </reporter-output>
  <suite started-at="2020-03-10T23:02:45 EDT" name="NYMag Automation Script " finished-at="2020-03-10T23:35:34 EDT" duration-ms="1968884">
    <groups>
    </groups>
    <test started-at="2020-03-10T23:02:45 EDT" name="NYMag Home" finished-at="2020-03-10T23:35:34 EDT" duration-ms="1968884">
      <class name="testgiftsubscriptions.TestGiftSubscription">
        <test-method is-config="true" signature="setUp(boolean, java.lang.String, java.lang.String, java.lang.String, java.lang.String, java.lang.String, java.lang.String)[pri:0, instance:testgiftsubscriptions.TestGiftSubscription@3bf9ce3e]" started-at="2020-03-10T23:25:58 EDT" name="setUp" finished-at="2020-03-10T23:26:07 EDT" duration-ms="8837" status="PASS">
          <params>
            <param index="0">
              <value>
                <![CDATA[false]]>
              </value>
            </param>
            <param index="1">
              <value>
                <![CDATA[browserstack]]>
              </value>
            </param>
            <param index="2">
              <value>
                <![CDATA[Windows]]>
              </value>
            </param>
            <param index="3">
              <value>
                <![CDATA[10]]>
              </value>
            </param>
            <param index="4">
              <value>
                <![CDATA[chrome]]>
              </value>
            </param>
            <param index="5">
              <value>
                <![CDATA[79]]>
              </value>
            </param>
            <param index="6">
              <value>
                <![CDATA[https://www.nymag.com/]]>
              </value>
            </param>
          </params>
          <reporter-output>
          </reporter-output>
        </test-method> <!-- setUp -->
        <test-method is-config="true" signature="startExtent(java.lang.reflect.Method)[pri:0, instance:testgiftsubscriptions.TestGiftSubscription@3bf9ce3e]" started-at="2020-03-10T23:26:07 EDT" name="startExtent" finished-at="2020-03-10T23:26:07 EDT" duration-ms="1" status="PASS">
          <params>
            <param index="0">
              <value>
                <![CDATA[public void testgiftsubscriptions.TestGiftSubscription.testClickOnNotAGift()]]>
              </value>
            </param>
          </params>
          <reporter-output>
          </reporter-output>
        </test-method> <!-- startExtent -->
        <test-method signature="testClickOnNotAGift()[pri:0, instance:testgiftsubscriptions.TestGiftSubscription@3bf9ce3e]" started-at="2020-03-10T23:26:07 EDT" name="testClickOnNotAGift" finished-at="2020-03-10T23:26:31 EDT" duration-ms="23291" status="PASS">
          <reporter-output>
            <line>
              <![CDATA[TestGiftSubscription: test Click On Not A Gift]]>
            </line>
            <line>
              <![CDATA[DropDownMenu: click On Not A Gift]]>
            </line>
            <line>
              <![CDATA[DropDownMenu: click On Burger Icon]]>
            </line>
            <line>
              <![CDATA[DropDownMenu: get Burger Icon]]>
            </line>
            <line>
              <![CDATA[DropDownMenu: click On Gift Subscriptions]]>
            </line>
          </reporter-output>
        </test-method> <!-- testClickOnNotAGift -->
        <test-method is-config="true" signature="afterEachTestMethod(org.testng.ITestResult)[pri:0, instance:testgiftsubscriptions.TestGiftSubscription@3bf9ce3e]" started-at="2020-03-10T23:26:31 EDT" name="afterEachTestMethod" finished-at="2020-03-10T23:26:31 EDT" duration-ms="812" status="PASS">
          <params>
            <param index="0">
              <value>
                <![CDATA[[TestResult name=testClickOnNotAGift status=SUCCESS method=TestGiftSubscription.testClickOnNotAGift()[pri:0, instance:testgiftsubscriptions.TestGiftSubscription@3bf9ce3e] output=TestGiftSubscription: test Click On Not A Gift]]]>
              </value>
            </param>
          </params>
          <reporter-output>
          </reporter-output>
        </test-method> <!-- afterEachTestMethod -->
        <test-method is-config="true" signature="setUp(boolean, java.lang.String, java.lang.String, java.lang.String, java.lang.String, java.lang.String, java.lang.String)[pri:0, instance:testgiftsubscriptions.TestGiftSubscription@3bf9ce3e]" started-at="2020-03-10T23:26:31 EDT" name="setUp" finished-at="2020-03-10T23:26:40 EDT" duration-ms="8641" status="PASS">
          <params>
            <param index="0">
              <value>
                <![CDATA[false]]>
              </value>
            </param>
            <param index="1">
              <value>
                <![CDATA[browserstack]]>
              </value>
            </param>
            <param index="2">
              <value>
                <![CDATA[Windows]]>
              </value>
            </param>
            <param index="3">
              <value>
                <![CDATA[10]]>
              </value>
            </param>
            <param index="4">
              <value>
                <![CDATA[chrome]]>
              </value>
            </param>
            <param index="5">
              <value>
                <![CDATA[79]]>
              </value>
            </param>
            <param index="6">
              <value>
                <![CDATA[https://www.nymag.com/]]>
              </value>
            </param>
          </params>
          <reporter-output>
          </reporter-output>
        </test-method> <!-- setUp -->
        <test-method is-config="true" signature="startExtent(java.lang.reflect.Method)[pri:0, instance:testgiftsubscriptions.TestGiftSubscription@3bf9ce3e]" started-at="2020-03-10T23:26:40 EDT" name="startExtent" finished-at="2020-03-10T23:26:40 EDT" duration-ms="1" status="PASS">
          <params>
            <param index="0">
              <value>
                <![CDATA[public void testgiftsubscriptions.TestGiftSubscription.testSubscribeToMagazineViaNotAGift()]]>
              </value>
            </param>
          </params>
          <reporter-output>
          </reporter-output>
        </test-method> <!-- startExtent -->
        <test-method signature="testSubscribeToMagazineViaNotAGift()[pri:0, instance:testgiftsubscriptions.TestGiftSubscription@3bf9ce3e]" started-at="2020-03-10T23:26:40 EDT" name="testSubscribeToMagazineViaNotAGift" finished-at="2020-03-10T23:27:20 EDT" duration-ms="39646" status="PASS">
          <reporter-output>
            <line>
              <![CDATA[TestGiftSubscription: test Subscribe To Magazine Via Not A Gift]]>
            </line>
            <line>
              <![CDATA[DropDownMenu: click On Subscribe To Dig And Print]]>
            </line>
            <line>
              <![CDATA[DropDownMenu: click On Not A Gift]]>
            </line>
            <line>
              <![CDATA[DropDownMenu: click On Burger Icon]]>
            </line>
            <line>
              <![CDATA[DropDownMenu: get Burger Icon]]>
            </line>
            <line>
              <![CDATA[DropDownMenu: click On Gift Subscriptions]]>
            </line>
          </reporter-output>
        </test-method> <!-- testSubscribeToMagazineViaNotAGift -->
        <test-method is-config="true" signature="afterEachTestMethod(org.testng.ITestResult)[pri:0, instance:testgiftsubscriptions.TestGiftSubscription@3bf9ce3e]" started-at="2020-03-10T23:27:20 EDT" name="afterEachTestMethod" finished-at="2020-03-10T23:27:21 EDT" duration-ms="1138" status="PASS">
          <params>
            <param index="0">
              <value>
                <![CDATA[[TestResult name=testSubscribeToMagazineViaNotAGift status=SUCCESS method=TestGiftSubscription.testSubscribeToMagazineViaNotAGift()[pri:0, instance:testgiftsubscriptions.TestGiftSubscription@3bf9ce3e] output=TestGiftSubscription: test Subscribe To Magazine Via Not A Gift]]]>
              </value>
            </param>
          </params>
          <reporter-output>
          </reporter-output>
        </test-method> <!-- afterEachTestMethod -->
        <test-method is-config="true" signature="cleanUp()[pri:0, instance:testgiftsubscriptions.TestGiftSubscription@3bf9ce3e]" started-at="2020-03-10T23:27:21 EDT" name="cleanUp" finished-at="2020-03-10T23:27:21 EDT" duration-ms="0" status="PASS">
          <reporter-output>
          </reporter-output>
        </test-method> <!-- cleanUp -->
      </class> <!-- testgiftsubscriptions.TestGiftSubscription -->
      <class name="testsignup.SignUpTest">
        <test-method is-config="true" signature="setUp(boolean, java.lang.String, java.lang.String, java.lang.String, java.lang.String, java.lang.String, java.lang.String)[pri:0, instance:testsignup.SignUpTest@5fbdfdcf]" started-at="2020-03-10T23:04:44 EDT" name="setUp" finished-at="2020-03-10T23:04:53 EDT" duration-ms="8539" status="PASS">
          <params>
            <param index="0">
              <value>
                <![CDATA[false]]>
              </value>
            </param>
            <param index="1">
              <value>
                <![CDATA[browserstack]]>
              </value>
            </param>
            <param index="2">
              <value>
                <![CDATA[Windows]]>
              </value>
            </param>
            <param index="3">
              <value>
                <![CDATA[10]]>
              </value>
            </param>
            <param index="4">
              <value>
                <![CDATA[chrome]]>
              </value>
            </param>
            <param index="5">
              <value>
                <![CDATA[79]]>
              </value>
            </param>
            <param index="6">
              <value>
                <![CDATA[https://www.nymag.com/]]>
              </value>
            </param>
          </params>
          <reporter-output>
          </reporter-output>
        </test-method> <!-- setUp -->
        <test-method is-config="true" signature="startExtent(java.lang.reflect.Method)[pri:0, instance:testsignup.SignUpTest@5fbdfdcf]" started-at="2020-03-10T23:04:53 EDT" name="startExtent" finished-at="2020-03-10T23:04:53 EDT" duration-ms="0" status="PASS">
          <params>
            <param index="0">
              <value>
                <![CDATA[public void testsignup.SignUpTest.testThatSubscribeBtnWorks()]]>
              </value>
            </param>
          </params>
          <reporter-output>
          </reporter-output>
        </test-method> <!-- startExtent -->
        <test-method signature="testThatSubscribeBtnWorks()[pri:0, instance:testsignup.SignUpTest@5fbdfdcf]" started-at="2020-03-10T23:04:53 EDT" name="testThatSubscribeBtnWorks" finished-at="2020-03-10T23:04:57 EDT" duration-ms="4115" status="PASS">
          <reporter-output>
            <line>
              <![CDATA[SignUpTest: test That Subscribe Btn Works]]>
            </line>
            <line>
              <![CDATA[NYMagSignUp: click On Subscribe Btn]]>
            </line>
            <line>
              <![CDATA[NYMagSignUp: get Click On Subscribe Btn]]>
            </line>
          </reporter-output>
        </test-method> <!-- testThatSubscribeBtnWorks -->
        <test-method is-config="true" signature="afterEachTestMethod(org.testng.ITestResult)[pri:0, instance:testsignup.SignUpTest@5fbdfdcf]" started-at="2020-03-10T23:04:57 EDT" name="afterEachTestMethod" finished-at="2020-03-10T23:04:58 EDT" duration-ms="699" status="PASS">
          <params>
            <param index="0">
              <value>
                <![CDATA[[TestResult name=testThatSubscribeBtnWorks status=SUCCESS method=SignUpTest.testThatSubscribeBtnWorks()[pri:0, instance:testsignup.SignUpTest@5fbdfdcf] output=SignUpTest: test That Subscribe Btn Works]]]>
              </value>
            </param>
          </params>
          <reporter-output>
          </reporter-output>
        </test-method> <!-- afterEachTestMethod -->
        <test-method is-config="true" signature="setUp(boolean, java.lang.String, java.lang.String, java.lang.String, java.lang.String, java.lang.String, java.lang.String)[pri:0, instance:testsignup.SignUpTest@5fbdfdcf]" started-at="2020-03-10T23:04:58 EDT" name="setUp" finished-at="2020-03-10T23:05:08 EDT" duration-ms="9904" status="PASS">
          <params>
            <param index="0">
              <value>
                <![CDATA[false]]>
              </value>
            </param>
            <param index="1">
              <value>
                <![CDATA[browserstack]]>
              </value>
            </param>
            <param index="2">
              <value>
                <![CDATA[Windows]]>
              </value>
            </param>
            <param index="3">
              <value>
                <![CDATA[10]]>
              </value>
            </param>
            <param index="4">
              <value>
                <![CDATA[chrome]]>
              </value>
            </param>
            <param index="5">
              <value>
                <![CDATA[79]]>
              </value>
            </param>
            <param index="6">
              <value>
                <![CDATA[https://www.nymag.com/]]>
              </value>
            </param>
          </params>
          <reporter-output>
          </reporter-output>
        </test-method> <!-- setUp -->
        <test-method is-config="true" signature="startExtent(java.lang.reflect.Method)[pri:0, instance:testsignup.SignUpTest@5fbdfdcf]" started-at="2020-03-10T23:05:08 EDT" name="startExtent" finished-at="2020-03-10T23:05:08 EDT" duration-ms="0" status="PASS">
          <params>
            <param index="0">
              <value>
                <![CDATA[public void testsignup.SignUpTest.testThatUserCanSignInWithValidCredentials()]]>
              </value>
            </param>
          </params>
          <reporter-output>
          </reporter-output>
        </test-method> <!-- startExtent -->
        <test-method signature="testThatUserCanSignInWithValidCredentials()[pri:0, instance:testsignup.SignUpTest@5fbdfdcf]" started-at="2020-03-10T23:05:08 EDT" name="testThatUserCanSignInWithValidCredentials" finished-at="2020-03-10T23:05:11 EDT" duration-ms="3102" status="PASS">
          <reporter-output>
            <line>
              <![CDATA[SignUpTest: test That User Can Sign In With Valid Credentials]]>
            </line>
            <line>
              <![CDATA[NYMagSignUp: click On User Sign In Btn]]>
            </line>
            <line>
              <![CDATA[NYMagSignUp: get Click On User Sign In Btn]]>
            </line>
            <line>
              <![CDATA[NYMagSignUp: type Email Name]]>
            </line>
            <line>
              <![CDATA[NYMagSignUp: get Enter Email Web Element]]>
            </line>
            <line>
              <![CDATA[NYMagSignUp: type User Password]]>
            </line>
            <line>
              <![CDATA[NYMagSignUp: get Enter Password]]>
            </line>
            <line>
              <![CDATA[NYMagSignUp: click On Sign In Btn]]>
            </line>
            <line>
              <![CDATA[NYMagSignUp: get Click On Sign In Btn Web Element]]>
            </line>
          </reporter-output>
        </test-method> <!-- testThatUserCanSignInWithValidCredentials -->
        <test-method is-config="true" signature="afterEachTestMethod(org.testng.ITestResult)[pri:0, instance:testsignup.SignUpTest@5fbdfdcf]" started-at="2020-03-10T23:05:11 EDT" name="afterEachTestMethod" finished-at="2020-03-10T23:05:11 EDT" duration-ms="732" status="PASS">
          <params>
            <param index="0">
              <value>
                <![CDATA[[TestResult name=testThatUserCanSignInWithValidCredentials status=SUCCESS method=SignUpTest.testThatUserCanSignInWithValidCredentials()[pri:0, instance:testsignup.SignUpTest@5fbdfdcf] output=SignUpTest: test That User Can Sign In With Valid Credentials]]]>
              </value>
            </param>
          </params>
          <reporter-output>
          </reporter-output>
        </test-method> <!-- afterEachTestMethod -->
        <test-method is-config="true" signature="setUp(boolean, java.lang.String, java.lang.String, java.lang.String, java.lang.String, java.lang.String, java.lang.String)[pri:0, instance:testsignup.SignUpTest@5fbdfdcf]" started-at="2020-03-10T23:05:11 EDT" name="setUp" finished-at="2020-03-10T23:05:24 EDT" duration-ms="12185" status="PASS">
          <params>
            <param index="0">
              <value>
                <![CDATA[false]]>
              </value>
            </param>
            <param index="1">
              <value>
                <![CDATA[browserstack]]>
              </value>
            </param>
            <param index="2">
              <value>
                <![CDATA[Windows]]>
              </value>
            </param>
            <param index="3">
              <value>
                <![CDATA[10]]>
              </value>
            </param>
            <param index="4">
              <value>
                <![CDATA[chrome]]>
              </value>
            </param>
            <param index="5">
              <value>
                <![CDATA[79]]>
              </value>
            </param>
            <param index="6">
              <value>
                <![CDATA[https://www.nymag.com/]]>
              </value>
            </param>
          </params>
          <reporter-output>
          </reporter-output>
        </test-method> <!-- setUp -->
        <test-method is-config="true" signature="startExtent(java.lang.reflect.Method)[pri:0, instance:testsignup.SignUpTest@5fbdfdcf]" started-at="2020-03-10T23:05:24 EDT" name="startExtent" finished-at="2020-03-10T23:05:24 EDT" duration-ms="0" status="PASS">
          <params>
            <param index="0">
              <value>
                <![CDATA[public void testsignup.SignUpTest.testThatUserCannotSignInWithInvalidCredentials()]]>
              </value>
            </param>
          </params>
          <reporter-output>
          </reporter-output>
        </test-method> <!-- startExtent -->
        <test-method signature="testThatUserCannotSignInWithInvalidCredentials()[pri:0, instance:testsignup.SignUpTest@5fbdfdcf]" started-at="2020-03-10T23:05:24 EDT" name="testThatUserCannotSignInWithInvalidCredentials" finished-at="2020-03-10T23:05:28 EDT" duration-ms="4349" status="PASS">
          <reporter-output>
            <line>
              <![CDATA[SignUpTest: test That User Cannot Sign In With Invalid Credentials]]>
            </line>
            <line>
              <![CDATA[NYMagSignUp: click On User Sign In Btn]]>
            </line>
            <line>
              <![CDATA[NYMagSignUp: get Click On User Sign In Btn]]>
            </line>
            <line>
              <![CDATA[NYMagSignUp: type Email Name]]>
            </line>
            <line>
              <![CDATA[NYMagSignUp: get Enter Email Web Element]]>
            </line>
            <line>
              <![CDATA[NYMagSignUp: type User Password]]>
            </line>
            <line>
              <![CDATA[NYMagSignUp: get Enter Password]]>
            </line>
            <line>
              <![CDATA[NYMagSignUp: click On Sign In Btn]]>
            </line>
            <line>
              <![CDATA[NYMagSignUp: get Click On Sign In Btn Web Element]]>
            </line>
          </reporter-output>
        </test-method> <!-- testThatUserCannotSignInWithInvalidCredentials -->
        <test-method is-config="true" signature="afterEachTestMethod(org.testng.ITestResult)[pri:0, instance:testsignup.SignUpTest@5fbdfdcf]" started-at="2020-03-10T23:05:28 EDT" name="afterEachTestMethod" finished-at="2020-03-10T23:05:29 EDT" duration-ms="730" status="PASS">
          <params>
            <param index="0">
              <value>
                <![CDATA[[TestResult name=testThatUserCannotSignInWithInvalidCredentials status=SUCCESS method=SignUpTest.testThatUserCannotSignInWithInvalidCredentials()[pri:0, instance:testsignup.SignUpTest@5fbdfdcf] output=SignUpTest: test That User Cannot Sign In With Invalid Credentials]]]>
              </value>
            </param>
          </params>
          <reporter-output>
          </reporter-output>
        </test-method> <!-- afterEachTestMethod -->
        <test-method is-config="true" signature="setUp(boolean, java.lang.String, java.lang.String, java.lang.String, java.lang.String, java.lang.String, java.lang.String)[pri:0, instance:testsignup.SignUpTest@5fbdfdcf]" started-at="2020-03-10T23:05:29 EDT" name="setUp" finished-at="2020-03-10T23:05:37 EDT" duration-ms="8087" status="PASS">
          <params>
            <param index="0">
              <value>
                <![CDATA[false]]>
              </value>
            </param>
            <param index="1">
              <value>
                <![CDATA[browserstack]]>
              </value>
            </param>
            <param index="2">
              <value>
                <![CDATA[Windows]]>
              </value>
            </param>
            <param index="3">
              <value>
                <![CDATA[10]]>
              </value>
            </param>
            <param index="4">
              <value>
                <![CDATA[chrome]]>
              </value>
            </param>
            <param index="5">
              <value>
                <![CDATA[79]]>
              </value>
            </param>
            <param index="6">
              <value>
                <![CDATA[https://www.nymag.com/]]>
              </value>
            </param>
          </params>
          <reporter-output>
          </reporter-output>
        </test-method> <!-- setUp -->
        <test-method is-config="true" signature="startExtent(java.lang.reflect.Method)[pri:0, instance:testsignup.SignUpTest@5fbdfdcf]" started-at="2020-03-10T23:05:37 EDT" name="startExtent" finished-at="2020-03-10T23:05:37 EDT" duration-ms="1" status="PASS">
          <params>
            <param index="0">
              <value>
                <![CDATA[public void testsignup.SignUpTest.testThatUserCannotSignInWithoutEmail()]]>
              </value>
            </param>
          </params>
          <reporter-output>
          </reporter-output>
        </test-method> <!-- startExtent -->
        <test-method signature="testThatUserCannotSignInWithoutEmail()[pri:0, instance:testsignup.SignUpTest@5fbdfdcf]" started-at="2020-03-10T23:05:37 EDT" name="testThatUserCannotSignInWithoutEmail" finished-at="2020-03-10T23:05:39 EDT" duration-ms="2373" status="PASS">
          <reporter-output>
            <line>
              <![CDATA[SignUpTest: test That User Cannot Sign In Without Email]]>
            </line>
            <line>
              <![CDATA[NYMagSignUp: click On User Sign In Btn]]>
            </line>
            <line>
              <![CDATA[NYMagSignUp: get Click On User Sign In Btn]]>
            </line>
            <line>
              <![CDATA[NYMagSignUp: type User Password]]>
            </line>
            <line>
              <![CDATA[NYMagSignUp: get Enter Password]]>
            </line>
            <line>
              <![CDATA[NYMagSignUp: click On Sign In Btn]]>
            </line>
            <line>
              <![CDATA[NYMagSignUp: get Click On Sign In Btn Web Element]]>
            </line>
          </reporter-output>
        </test-method> <!-- testThatUserCannotSignInWithoutEmail -->
        <test-method is-config="true" signature="afterEachTestMethod(org.testng.ITestResult)[pri:0, instance:testsignup.SignUpTest@5fbdfdcf]" started-at="2020-03-10T23:05:39 EDT" name="afterEachTestMethod" finished-at="2020-03-10T23:05:40 EDT" duration-ms="769" status="PASS">
          <params>
            <param index="0">
              <value>
                <![CDATA[[TestResult name=testThatUserCannotSignInWithoutEmail status=SUCCESS method=SignUpTest.testThatUserCannotSignInWithoutEmail()[pri:0, instance:testsignup.SignUpTest@5fbdfdcf] output=SignUpTest: test That User Cannot Sign In Without Email]]]>
              </value>
            </param>
          </params>
          <reporter-output>
          </reporter-output>
        </test-method> <!-- afterEachTestMethod -->
        <test-method is-config="true" signature="setUp(boolean, java.lang.String, java.lang.String, java.lang.String, java.lang.String, java.lang.String, java.lang.String)[pri:0, instance:testsignup.SignUpTest@5fbdfdcf]" started-at="2020-03-10T23:05:40 EDT" name="setUp" finished-at="2020-03-10T23:05:50 EDT" duration-ms="9801" status="PASS">
          <params>
            <param index="0">
              <value>
                <![CDATA[false]]>
              </value>
            </param>
            <param index="1">
              <value>
                <![CDATA[browserstack]]>
              </value>
            </param>
            <param index="2">
              <value>
                <![CDATA[Windows]]>
              </value>
            </param>
            <param index="3">
              <value>
                <![CDATA[10]]>
              </value>
            </param>
            <param index="4">
              <value>
                <![CDATA[chrome]]>
              </value>
            </param>
            <param index="5">
              <value>
                <![CDATA[79]]>
              </value>
            </param>
            <param index="6">
              <value>
                <![CDATA[https://www.nymag.com/]]>
              </value>
            </param>
          </params>
          <reporter-output>
          </reporter-output>
        </test-method> <!-- setUp -->
        <test-method is-config="true" signature="startExtent(java.lang.reflect.Method)[pri:0, instance:testsignup.SignUpTest@5fbdfdcf]" started-at="2020-03-10T23:05:50 EDT" name="startExtent" finished-at="2020-03-10T23:05:50 EDT" duration-ms="1" status="PASS">
          <params>
            <param index="0">
              <value>
                <![CDATA[public void testsignup.SignUpTest.testThatUserCannotSignInWithoutPassword()]]>
              </value>
            </param>
          </params>
          <reporter-output>
          </reporter-output>
        </test-method> <!-- startExtent -->
        <test-method signature="testThatUserCannotSignInWithoutPassword()[pri:0, instance:testsignup.SignUpTest@5fbdfdcf]" started-at="2020-03-10T23:05:50 EDT" name="testThatUserCannotSignInWithoutPassword" finished-at="2020-03-10T23:05:52 EDT" duration-ms="2291" status="PASS">
          <reporter-output>
            <line>
              <![CDATA[SignUpTest: test That User Cannot Sign In Without Password]]>
            </line>
            <line>
              <![CDATA[NYMagSignUp: click On User Sign In Btn]]>
            </line>
            <line>
              <![CDATA[NYMagSignUp: get Click On User Sign In Btn]]>
            </line>
            <line>
              <![CDATA[NYMagSignUp: type Email Name]]>
            </line>
            <line>
              <![CDATA[NYMagSignUp: get Enter Email Web Element]]>
            </line>
            <line>
              <![CDATA[NYMagSignUp: click On Sign In Btn]]>
            </line>
            <line>
              <![CDATA[NYMagSignUp: get Click On Sign In Btn Web Element]]>
            </line>
          </reporter-output>
        </test-method> <!-- testThatUserCannotSignInWithoutPassword -->
        <test-method is-config="true" signature="afterEachTestMethod(org.testng.ITestResult)[pri:0, instance:testsignup.SignUpTest@5fbdfdcf]" started-at="2020-03-10T23:05:52 EDT" name="afterEachTestMethod" finished-at="2020-03-10T23:05:53 EDT" duration-ms="782" status="PASS">
          <params>
            <param index="0">
              <value>
                <![CDATA[[TestResult name=testThatUserCannotSignInWithoutPassword status=SUCCESS method=SignUpTest.testThatUserCannotSignInWithoutPassword()[pri:0, instance:testsignup.SignUpTest@5fbdfdcf] output=SignUpTest: test That User Cannot Sign In Without Password]]]>
              </value>
            </param>
          </params>
          <reporter-output>
          </reporter-output>
        </test-method> <!-- afterEachTestMethod -->
        <test-method is-config="true" signature="setUp(boolean, java.lang.String, java.lang.String, java.lang.String, java.lang.String, java.lang.String, java.lang.String)[pri:0, instance:testsignup.SignUpTest@5fbdfdcf]" started-at="2020-03-10T23:05:53 EDT" name="setUp" finished-at="2020-03-10T23:06:09 EDT" duration-ms="16625" status="PASS">
          <params>
            <param index="0">
              <value>
                <![CDATA[false]]>
              </value>
            </param>
            <param index="1">
              <value>
                <![CDATA[browserstack]]>
              </value>
            </param>
            <param index="2">
              <value>
                <![CDATA[Windows]]>
              </value>
            </param>
            <param index="3">
              <value>
                <![CDATA[10]]>
              </value>
            </param>
            <param index="4">
              <value>
                <![CDATA[chrome]]>
              </value>
            </param>
            <param index="5">
              <value>
                <![CDATA[79]]>
              </value>
            </param>
            <param index="6">
              <value>
                <![CDATA[https://www.nymag.com/]]>
              </value>
            </param>
          </params>
          <reporter-output>
          </reporter-output>
        </test-method> <!-- setUp -->
        <test-method is-config="true" signature="startExtent(java.lang.reflect.Method)[pri:0, instance:testsignup.SignUpTest@5fbdfdcf]" started-at="2020-03-10T23:06:09 EDT" name="startExtent" finished-at="2020-03-10T23:06:09 EDT" duration-ms="1" status="PASS">
          <params>
            <param index="0">
              <value>
                <![CDATA[public void testsignup.SignUpTest.testThatYouCanSignUpWithValidEmail()]]>
              </value>
            </param>
          </params>
          <reporter-output>
          </reporter-output>
        </test-method> <!-- startExtent -->
        <test-method signature="testThatYouCanSignUpWithValidEmail()[pri:0, instance:testsignup.SignUpTest@5fbdfdcf]" started-at="2020-03-10T23:06:09 EDT" name="testThatYouCanSignUpWithValidEmail" finished-at="2020-03-10T23:06:10 EDT" duration-ms="398" status="PASS">
          <reporter-output>
            <line>
              <![CDATA[SignUpTest: test That You Can Sign Up With Valid Email]]>
            </line>
            <line>
              <![CDATA[NYMagSignUp: type Email Name]]>
            </line>
            <line>
              <![CDATA[NYMagSignUp: get Enter Email Web Element]]>
            </line>
            <line>
              <![CDATA[NYMagSignUp: click On Submit]]>
            </line>
            <line>
              <![CDATA[NYMagSignUp: get Click On Submit Btn Web Element]]>
            </line>
          </reporter-output>
        </test-method> <!-- testThatYouCanSignUpWithValidEmail -->
        <test-method is-config="true" signature="afterEachTestMethod(org.testng.ITestResult)[pri:0, instance:testsignup.SignUpTest@5fbdfdcf]" started-at="2020-03-10T23:06:10 EDT" name="afterEachTestMethod" finished-at="2020-03-10T23:06:10 EDT" duration-ms="712" status="PASS">
          <params>
            <param index="0">
              <value>
                <![CDATA[[TestResult name=testThatYouCanSignUpWithValidEmail status=SUCCESS method=SignUpTest.testThatYouCanSignUpWithValidEmail()[pri:0, instance:testsignup.SignUpTest@5fbdfdcf] output=SignUpTest: test That You Can Sign Up With Valid Email]]]>
              </value>
            </param>
          </params>
          <reporter-output>
          </reporter-output>
        </test-method> <!-- afterEachTestMethod -->
        <test-method is-config="true" signature="setUp(boolean, java.lang.String, java.lang.String, java.lang.String, java.lang.String, java.lang.String, java.lang.String)[pri:0, instance:testsignup.SignUpTest@5fbdfdcf]" started-at="2020-03-10T23:06:10 EDT" name="setUp" finished-at="2020-03-10T23:06:19 EDT" duration-ms="8495" status="PASS">
          <params>
            <param index="0">
              <value>
                <![CDATA[false]]>
              </value>
            </param>
            <param index="1">
              <value>
                <![CDATA[browserstack]]>
              </value>
            </param>
            <param index="2">
              <value>
                <![CDATA[Windows]]>
              </value>
            </param>
            <param index="3">
              <value>
                <![CDATA[10]]>
              </value>
            </param>
            <param index="4">
              <value>
                <![CDATA[chrome]]>
              </value>
            </param>
            <param index="5">
              <value>
                <![CDATA[79]]>
              </value>
            </param>
            <param index="6">
              <value>
                <![CDATA[https://www.nymag.com/]]>
              </value>
            </param>
          </params>
          <reporter-output>
          </reporter-output>
        </test-method> <!-- setUp -->
        <test-method signature="testThatYouCannotSignUpWithAnInvalidEmail()[pri:0, instance:testsignup.SignUpTest@5fbdfdcf]" started-at="2020-03-10T23:06:19 EDT" name="testThatYouCannotSignUpWithAnInvalidEmail" finished-at="2020-03-10T23:06:19 EDT" duration-ms="326" status="PASS">
          <reporter-output>
            <line>
              <![CDATA[SignUpTest: test That You Cannot Sign Up With An Invalid Email]]>
            </line>
            <line>
              <![CDATA[NYMagSignUp: type Email Name]]>
            </line>
            <line>
              <![CDATA[NYMagSignUp: get Enter Email Web Element]]>
            </line>
            <line>
              <![CDATA[NYMagSignUp: click On Submit]]>
            </line>
            <line>
              <![CDATA[NYMagSignUp: get Click On Submit Btn Web Element]]>
            </line>
          </reporter-output>
        </test-method> <!-- testThatYouCannotSignUpWithAnInvalidEmail -->
        <test-method is-config="true" signature="startExtent(java.lang.reflect.Method)[pri:0, instance:testsignup.SignUpTest@5fbdfdcf]" started-at="2020-03-10T23:06:19 EDT" name="startExtent" finished-at="2020-03-10T23:06:19 EDT" duration-ms="0" status="PASS">
          <params>
            <param index="0">
              <value>
                <![CDATA[public void testsignup.SignUpTest.testThatYouCannotSignUpWithAnInvalidEmail()]]>
              </value>
            </param>
          </params>
          <reporter-output>
          </reporter-output>
        </test-method> <!-- startExtent -->
        <test-method is-config="true" signature="afterEachTestMethod(org.testng.ITestResult)[pri:0, instance:testsignup.SignUpTest@5fbdfdcf]" started-at="2020-03-10T23:06:19 EDT" name="afterEachTestMethod" finished-at="2020-03-10T23:06:20 EDT" duration-ms="1224" status="PASS">
          <params>
            <param index="0">
              <value>
                <![CDATA[[TestResult name=testThatYouCannotSignUpWithAnInvalidEmail status=SUCCESS method=SignUpTest.testThatYouCannotSignUpWithAnInvalidEmail()[pri:0, instance:testsignup.SignUpTest@5fbdfdcf] output=SignUpTest: test That You Cannot Sign Up With An Invalid Email]]]>
              </value>
            </param>
          </params>
          <reporter-output>
          </reporter-output>
        </test-method> <!-- afterEachTestMethod -->
        <test-method is-config="true" signature="cleanUp()[pri:0, instance:testsignup.SignUpTest@5fbdfdcf]" started-at="2020-03-10T23:06:20 EDT" name="cleanUp" finished-at="2020-03-10T23:06:20 EDT" duration-ms="0" status="PASS">
          <reporter-output>
          </reporter-output>
        </test-method> <!-- cleanUp -->
      </class> <!-- testsignup.SignUpTest -->
      <class name="testdropdownmenu.TestDropDownMenuContinued">
        <test-method is-config="true" signature="setUp(boolean, java.lang.String, java.lang.String, java.lang.String, java.lang.String, java.lang.String, java.lang.String)[pri:0, instance:testdropdownmenu.TestDropDownMenuContinued@71def8f8]" started-at="2020-03-10T23:32:37 EDT" name="setUp" finished-at="2020-03-10T23:32:46 EDT" duration-ms="9494" status="PASS">
          <params>
            <param index="0">
              <value>
                <![CDATA[false]]>
              </value>
            </param>
            <param index="1">
              <value>
                <![CDATA[browserstack]]>
              </value>
            </param>
            <param index="2">
              <value>
                <![CDATA[Windows]]>
              </value>
            </param>
            <param index="3">
              <value>
                <![CDATA[10]]>
              </value>
            </param>
            <param index="4">
              <value>
                <![CDATA[chrome]]>
              </value>
            </param>
            <param index="5">
              <value>
                <![CDATA[79]]>
              </value>
            </param>
            <param index="6">
              <value>
                <![CDATA[https://www.nymag.com/]]>
              </value>
            </param>
          </params>
          <reporter-output>
          </reporter-output>
        </test-method> <!-- setUp -->
        <test-method signature="AboutIconHover()[pri:0, instance:testdropdownmenu.TestDropDownMenuContinued@71def8f8]" started-at="2020-03-10T23:32:46 EDT" name="AboutIconHover" finished-at="2020-03-10T23:32:46 EDT" duration-ms="127" status="PASS">
          <reporter-output>
            <line>
              <![CDATA[TestDropDownMenuContinued: About Icon Hover]]>
            </line>
            <line>
              <![CDATA[DropDownMenu2: click On Burger Icon]]>
            </line>
            <line>
              <![CDATA[DropDownMenu2: hover On About]]>
            </line>
          </reporter-output>
        </test-method> <!-- AboutIconHover -->
        <test-method is-config="true" signature="startExtent(java.lang.reflect.Method)[pri:0, instance:testdropdownmenu.TestDropDownMenuContinued@71def8f8]" started-at="2020-03-10T23:32:46 EDT" name="startExtent" finished-at="2020-03-10T23:32:46 EDT" duration-ms="0" status="PASS">
          <params>
            <param index="0">
              <value>
                <![CDATA[public void testdropdownmenu.TestDropDownMenuContinued.AboutIconHover()]]>
              </value>
            </param>
          </params>
          <reporter-output>
          </reporter-output>
        </test-method> <!-- startExtent -->
        <test-method is-config="true" signature="afterEachTestMethod(org.testng.ITestResult)[pri:0, instance:testdropdownmenu.TestDropDownMenuContinued@71def8f8]" started-at="2020-03-10T23:32:46 EDT" name="afterEachTestMethod" finished-at="2020-03-10T23:32:47 EDT" duration-ms="727" status="PASS">
          <params>
            <param index="0">
              <value>
                <![CDATA[[TestResult name=AboutIconHover status=SUCCESS method=TestDropDownMenuContinued.AboutIconHover()[pri:0, instance:testdropdownmenu.TestDropDownMenuContinued@71def8f8] output=TestDropDownMenuContinued: About Icon Hover]]]>
              </value>
            </param>
          </params>
          <reporter-output>
          </reporter-output>
        </test-method> <!-- afterEachTestMethod -->
        <test-method is-config="true" signature="setUp(boolean, java.lang.String, java.lang.String, java.lang.String, java.lang.String, java.lang.String, java.lang.String)[pri:0, instance:testdropdownmenu.TestDropDownMenuContinued@71def8f8]" started-at="2020-03-10T23:32:47 EDT" name="setUp" finished-at="2020-03-10T23:32:57 EDT" duration-ms="10059" status="PASS">
          <params>
            <param index="0">
              <value>
                <![CDATA[false]]>
              </value>
            </param>
            <param index="1">
              <value>
                <![CDATA[browserstack]]>
              </value>
            </param>
            <param index="2">
              <value>
                <![CDATA[Windows]]>
              </value>
            </param>
            <param index="3">
              <value>
                <![CDATA[10]]>
              </value>
            </param>
            <param index="4">
              <value>
                <![CDATA[chrome]]>
              </value>
            </param>
            <param index="5">
              <value>
                <![CDATA[79]]>
              </value>
            </param>
            <param index="6">
              <value>
                <![CDATA[https://www.nymag.com/]]>
              </value>
            </param>
          </params>
          <reporter-output>
          </reporter-output>
        </test-method> <!-- setUp -->
        <test-method is-config="true" signature="startExtent(java.lang.reflect.Method)[pri:0, instance:testdropdownmenu.TestDropDownMenuContinued@71def8f8]" started-at="2020-03-10T23:32:57 EDT" name="startExtent" finished-at="2020-03-10T23:32:57 EDT" duration-ms="0" status="PASS">
          <params>
            <param index="0">
              <value>
                <![CDATA[public void testdropdownmenu.TestDropDownMenuContinued.BestDoctorsIconHover()]]>
              </value>
            </param>
          </params>
          <reporter-output>
          </reporter-output>
        </test-method> <!-- startExtent -->
        <test-method signature="BestDoctorsIconHover()[pri:0, instance:testdropdownmenu.TestDropDownMenuContinued@71def8f8]" started-at="2020-03-10T23:32:57 EDT" name="BestDoctorsIconHover" finished-at="2020-03-10T23:32:57 EDT" duration-ms="326" status="PASS">
          <reporter-output>
            <line>
              <![CDATA[TestDropDownMenuContinued: Best Doctors Icon Hover]]>
            </line>
            <line>
              <![CDATA[DropDownMenu2: click On Burger Icon]]>
            </line>
            <line>
              <![CDATA[DropDownMenu2: hover On Best Doctors]]>
            </line>
          </reporter-output>
        </test-method> <!-- BestDoctorsIconHover -->
        <test-method is-config="true" signature="afterEachTestMethod(org.testng.ITestResult)[pri:0, instance:testdropdownmenu.TestDropDownMenuContinued@71def8f8]" started-at="2020-03-10T23:32:57 EDT" name="afterEachTestMethod" finished-at="2020-03-10T23:32:59 EDT" duration-ms="1169" status="PASS">
          <params>
            <param index="0">
              <value>
                <![CDATA[[TestResult name=BestDoctorsIconHover status=SUCCESS method=TestDropDownMenuContinued.BestDoctorsIconHover()[pri:0, instance:testdropdownmenu.TestDropDownMenuContinued@71def8f8] output=TestDropDownMenuContinued: Best Doctors Icon Hover]]]>
              </value>
            </param>
          </params>
          <reporter-output>
          </reporter-output>
        </test-method> <!-- afterEachTestMethod -->
        <test-method is-config="true" signature="setUp(boolean, java.lang.String, java.lang.String, java.lang.String, java.lang.String, java.lang.String, java.lang.String)[pri:0, instance:testdropdownmenu.TestDropDownMenuContinued@71def8f8]" started-at="2020-03-10T23:32:59 EDT" name="setUp" finished-at="2020-03-10T23:33:06 EDT" duration-ms="7803" status="PASS">
          <params>
            <param index="0">
              <value>
                <![CDATA[false]]>
              </value>
            </param>
            <param index="1">
              <value>
                <![CDATA[browserstack]]>
              </value>
            </param>
            <param index="2">
              <value>
                <![CDATA[Windows]]>
              </value>
            </param>
            <param index="3">
              <value>
                <![CDATA[10]]>
              </value>
            </param>
            <param index="4">
              <value>
                <![CDATA[chrome]]>
              </value>
            </param>
            <param index="5">
              <value>
                <![CDATA[79]]>
              </value>
            </param>
            <param index="6">
              <value>
                <![CDATA[https://www.nymag.com/]]>
              </value>
            </param>
          </params>
          <reporter-output>
          </reporter-output>
        </test-method> <!-- setUp -->
        <test-method is-config="true" signature="startExtent(java.lang.reflect.Method)[pri:0, instance:testdropdownmenu.TestDropDownMenuContinued@71def8f8]" started-at="2020-03-10T23:33:06 EDT" name="startExtent" finished-at="2020-03-10T23:33:06 EDT" duration-ms="0" status="PASS">
          <params>
[...]
          <params>
            <param index="0">
              <value>
                <![CDATA[public void testdropdownmenu.TestDropDown.testClickOnStream()]]>
              </value>
            </param>
          </params>
          <reporter-output>
          </reporter-output>
        </test-method> <!-- startExtent -->
        <test-method signature="testClickOnStream()[pri:0, instance:testdropdownmenu.TestDropDown@bd4dc25]" started-at="2020-03-10T23:13:44 EDT" name="testClickOnStream" finished-at="2020-03-10T23:13:56 EDT" duration-ms="12196" status="PASS">
          <reporter-output>
            <line>
              <![CDATA[TestDropDown: test Click On Stream]]>
            </line>
            <line>
              <![CDATA[DropDownMenu: click On Burger Icon]]>
            </line>
            <line>
              <![CDATA[DropDownMenu: get Burger Icon]]>
            </line>
            <line>
              <![CDATA[DropDownMenu: click On Stream]]>
            </line>
          </reporter-output>
        </test-method> <!-- testClickOnStream -->
        <test-method is-config="true" signature="afterEachTestMethod(org.testng.ITestResult)[pri:0, instance:testdropdownmenu.TestDropDown@bd4dc25]" started-at="2020-03-10T23:13:56 EDT" name="afterEachTestMethod" finished-at="2020-03-10T23:13:57 EDT" duration-ms="733" status="PASS">
          <params>
            <param index="0">
              <value>
                <![CDATA[[TestResult name=testClickOnStream status=SUCCESS method=TestDropDown.testClickOnStream()[pri:0, instance:testdropdownmenu.TestDropDown@bd4dc25] output=TestDropDown: test Click On Stream]]]>
              </value>
            </param>
          </params>
          <reporter-output>
          </reporter-output>
        </test-method> <!-- afterEachTestMethod -->
        <test-method is-config="true" signature="setUp(boolean, java.lang.String, java.lang.String, java.lang.String, java.lang.String, java.lang.String, java.lang.String)[pri:0, instance:testdropdownmenu.TestDropDown@bd4dc25]" started-at="2020-03-10T23:13:57 EDT" name="setUp" finished-at="2020-03-10T23:14:08 EDT" duration-ms="11446" status="PASS">
          <params>
            <param index="0">
              <value>
                <![CDATA[false]]>
              </value>
            </param>
            <param index="1">
              <value>
                <![CDATA[browserstack]]>
              </value>
            </param>
            <param index="2">
              <value>
                <![CDATA[Windows]]>
              </value>
            </param>
            <param index="3">
              <value>
                <![CDATA[10]]>
              </value>
            </param>
            <param index="4">
              <value>
                <![CDATA[chrome]]>
              </value>
            </param>
            <param index="5">
              <value>
                <![CDATA[79]]>
              </value>
            </param>
            <param index="6">
              <value>
                <![CDATA[https://www.nymag.com/]]>
              </value>
            </param>
          </params>
          <reporter-output>
          </reporter-output>
        </test-method> <!-- setUp -->
        <test-method is-config="true" signature="startExtent(java.lang.reflect.Method)[pri:0, instance:testdropdownmenu.TestDropDown@bd4dc25]" started-at="2020-03-10T23:14:08 EDT" name="startExtent" finished-at="2020-03-10T23:14:08 EDT" duration-ms="0" status="PASS">
          <params>
            <param index="0">
              <value>
                <![CDATA[public void testdropdownmenu.TestDropDown.testClickOnStyle()]]>
              </value>
            </param>
          </params>
          <reporter-output>
          </reporter-output>
        </test-method> <!-- startExtent -->
        <test-method signature="testClickOnStyle()[pri:0, instance:testdropdownmenu.TestDropDown@bd4dc25]" started-at="2020-03-10T23:14:08 EDT" name="testClickOnStyle" finished-at="2020-03-10T23:14:21 EDT" duration-ms="12666" status="PASS">
          <reporter-output>
            <line>
              <![CDATA[TestDropDown: test Click On Style]]>
            </line>
            <line>
              <![CDATA[DropDownMenu: click On Burger Icon]]>
            </line>
            <line>
              <![CDATA[DropDownMenu: get Burger Icon]]>
            </line>
            <line>
              <![CDATA[DropDownMenu: click On Style]]>
            </line>
          </reporter-output>
        </test-method> <!-- testClickOnStyle -->
        <test-method is-config="true" signature="afterEachTestMethod(org.testng.ITestResult)[pri:0, instance:testdropdownmenu.TestDropDown@bd4dc25]" started-at="2020-03-10T23:14:21 EDT" name="afterEachTestMethod" finished-at="2020-03-10T23:14:22 EDT" duration-ms="704" status="PASS">
          <params>
            <param index="0">
              <value>
                <![CDATA[[TestResult name=testClickOnStyle status=SUCCESS method=TestDropDown.testClickOnStyle()[pri:0, instance:testdropdownmenu.TestDropDown@bd4dc25] output=TestDropDown: test Click On Style]]]>
              </value>
            </param>
          </params>
          <reporter-output>
          </reporter-output>
        </test-method> <!-- afterEachTestMethod -->
        <test-method is-config="true" signature="setUp(boolean, java.lang.String, java.lang.String, java.lang.String, java.lang.String, java.lang.String, java.lang.String)[pri:0, instance:testdropdownmenu.TestDropDown@bd4dc25]" started-at="2020-03-10T23:14:22 EDT" name="setUp" finished-at="2020-03-10T23:14:30 EDT" duration-ms="8139" status="PASS">
          <params>
            <param index="0">
              <value>
                <![CDATA[false]]>
              </value>
            </param>
            <param index="1">
              <value>
                <![CDATA[browserstack]]>
              </value>
            </param>
            <param index="2">
              <value>
                <![CDATA[Windows]]>
              </value>
            </param>
            <param index="3">
              <value>
                <![CDATA[10]]>
              </value>
            </param>
            <param index="4">
              <value>
                <![CDATA[chrome]]>
              </value>
            </param>
            <param index="5">
              <value>
                <![CDATA[79]]>
              </value>
            </param>
            <param index="6">
              <value>
                <![CDATA[https://www.nymag.com/]]>
              </value>
            </param>
          </params>
          <reporter-output>
          </reporter-output>
        </test-method> <!-- setUp -->
        <test-method is-config="true" signature="startExtent(java.lang.reflect.Method)[pri:0, instance:testdropdownmenu.TestDropDown@bd4dc25]" started-at="2020-03-10T23:14:30 EDT" name="startExtent" finished-at="2020-03-10T23:14:30 EDT" duration-ms="1" status="PASS">
          <params>
            <param index="0">
              <value>
                <![CDATA[public void testdropdownmenu.TestDropDown.testClickOnTV()]]>
              </value>
            </param>
          </params>
          <reporter-output>
          </reporter-output>
        </test-method> <!-- startExtent -->
        <test-method signature="testClickOnTV()[pri:0, instance:testdropdownmenu.TestDropDown@bd4dc25]" started-at="2020-03-10T23:14:30 EDT" name="testClickOnTV" finished-at="2020-03-10T23:14:42 EDT" duration-ms="12362" status="PASS">
          <reporter-output>
            <line>
              <![CDATA[TestDropDown: test Click On TV]]>
            </line>
            <line>
              <![CDATA[DropDownMenu: click On Burger Icon]]>
            </line>
            <line>
              <![CDATA[DropDownMenu: get Burger Icon]]>
            </line>
            <line>
              <![CDATA[DropDownMenu: click On TV]]>
            </line>
          </reporter-output>
        </test-method> <!-- testClickOnTV -->
        <test-method is-config="true" signature="afterEachTestMethod(org.testng.ITestResult)[pri:0, instance:testdropdownmenu.TestDropDown@bd4dc25]" started-at="2020-03-10T23:14:42 EDT" name="afterEachTestMethod" finished-at="2020-03-10T23:14:43 EDT" duration-ms="707" status="PASS">
          <params>
            <param index="0">
              <value>
                <![CDATA[[TestResult name=testClickOnTV status=SUCCESS method=TestDropDown.testClickOnTV()[pri:0, instance:testdropdownmenu.TestDropDown@bd4dc25] output=TestDropDown: test Click On TV]]]>
              </value>
            </param>
          </params>
          <reporter-output>
          </reporter-output>
        </test-method> <!-- afterEachTestMethod -->
        <test-method is-config="true" signature="setUp(boolean, java.lang.String, java.lang.String, java.lang.String, java.lang.String, java.lang.String, java.lang.String)[pri:0, instance:testdropdownmenu.TestDropDown@bd4dc25]" started-at="2020-03-10T23:14:43 EDT" name="setUp" finished-at="2020-03-10T23:14:51 EDT" duration-ms="7821" status="PASS">
          <params>
            <param index="0">
              <value>
                <![CDATA[false]]>
              </value>
            </param>
            <param index="1">
              <value>
                <![CDATA[browserstack]]>
              </value>
            </param>
            <param index="2">
              <value>
                <![CDATA[Windows]]>
              </value>
            </param>
            <param index="3">
              <value>
                <![CDATA[10]]>
              </value>
            </param>
            <param index="4">
              <value>
                <![CDATA[chrome]]>
              </value>
            </param>
            <param index="5">
              <value>
                <![CDATA[79]]>
              </value>
            </param>
            <param index="6">
              <value>
                <![CDATA[https://www.nymag.com/]]>
              </value>
            </param>
          </params>
          <reporter-output>
          </reporter-output>
        </test-method> <!-- setUp -->
        <test-method signature="testClickOnTheater()[pri:0, instance:testdropdownmenu.TestDropDown@bd4dc25]" started-at="2020-03-10T23:14:51 EDT" name="testClickOnTheater" finished-at="2020-03-10T23:15:02 EDT" duration-ms="11043" status="PASS">
          <reporter-output>
            <line>
              <![CDATA[TestDropDown: test Click On Theater]]>
            </line>
            <line>
              <![CDATA[DropDownMenu: click On Burger Icon]]>
            </line>
            <line>
              <![CDATA[DropDownMenu: get Burger Icon]]>
            </line>
            <line>
              <![CDATA[DropDownMenu: click On Theater]]>
            </line>
          </reporter-output>
        </test-method> <!-- testClickOnTheater -->
        <test-method is-config="true" signature="startExtent(java.lang.reflect.Method)[pri:0, instance:testdropdownmenu.TestDropDown@bd4dc25]" started-at="2020-03-10T23:14:51 EDT" name="startExtent" finished-at="2020-03-10T23:14:51 EDT" duration-ms="0" status="PASS">
          <params>
            <param index="0">
              <value>
                <![CDATA[public void testdropdownmenu.TestDropDown.testClickOnTheater()]]>
              </value>
            </param>
          </params>
          <reporter-output>
          </reporter-output>
        </test-method> <!-- startExtent -->
        <test-method is-config="true" signature="afterEachTestMethod(org.testng.ITestResult)[pri:0, instance:testdropdownmenu.TestDropDown@bd4dc25]" started-at="2020-03-10T23:15:02 EDT" name="afterEachTestMethod" finished-at="2020-03-10T23:15:02 EDT" duration-ms="693" status="PASS">
          <params>
            <param index="0">
              <value>
                <![CDATA[[TestResult name=testClickOnTheater status=SUCCESS method=TestDropDown.testClickOnTheater()[pri:0, instance:testdropdownmenu.TestDropDown@bd4dc25] output=TestDropDown: test Click On Theater]]]>
              </value>
            </param>
          </params>
          <reporter-output>
          </reporter-output>
        </test-method> <!-- afterEachTestMethod -->
        <test-method is-config="true" signature="setUp(boolean, java.lang.String, java.lang.String, java.lang.String, java.lang.String, java.lang.String, java.lang.String)[pri:0, instance:testdropdownmenu.TestDropDown@bd4dc25]" started-at="2020-03-10T23:15:02 EDT" name="setUp" finished-at="2020-03-10T23:15:10 EDT" duration-ms="7202" status="PASS">
          <params>
            <param index="0">
              <value>
                <![CDATA[false]]>
              </value>
            </param>
            <param index="1">
              <value>
                <![CDATA[browserstack]]>
              </value>
            </param>
            <param index="2">
              <value>
                <![CDATA[Windows]]>
              </value>
            </param>
            <param index="3">
              <value>
                <![CDATA[10]]>
              </value>
            </param>
            <param index="4">
              <value>
                <![CDATA[chrome]]>
              </value>
            </param>
            <param index="5">
              <value>
                <![CDATA[79]]>
              </value>
            </param>
            <param index="6">
              <value>
                <![CDATA[https://www.nymag.com/]]>
              </value>
            </param>
          </params>
          <reporter-output>
          </reporter-output>
        </test-method> <!-- setUp -->
        <test-method is-config="true" signature="startExtent(java.lang.reflect.Method)[pri:0, instance:testdropdownmenu.TestDropDown@bd4dc25]" started-at="2020-03-10T23:15:10 EDT" name="startExtent" finished-at="2020-03-10T23:15:10 EDT" duration-ms="1" status="PASS">
          <params>
            <param index="0">
              <value>
                <![CDATA[public void testdropdownmenu.TestDropDown.testClickOnTravel()]]>
              </value>
            </param>
          </params>
          <reporter-output>
          </reporter-output>
        </test-method> <!-- startExtent -->
        <test-method signature="testClickOnTravel()[pri:0, instance:testdropdownmenu.TestDropDown@bd4dc25]" started-at="2020-03-10T23:15:10 EDT" name="testClickOnTravel" finished-at="2020-03-10T23:15:23 EDT" duration-ms="13248" status="PASS">
          <reporter-output>
            <line>
              <![CDATA[TestDropDown: test Click On Travel]]>
            </line>
            <line>
              <![CDATA[DropDownMenu: click On Burger Icon]]>
            </line>
            <line>
              <![CDATA[DropDownMenu: get Burger Icon]]>
            </line>
            <line>
              <![CDATA[DropDownMenu: click On Travel]]>
            </line>
          </reporter-output>
        </test-method> <!-- testClickOnTravel -->
        <test-method is-config="true" signature="afterEachTestMethod(org.testng.ITestResult)[pri:0, instance:testdropdownmenu.TestDropDown@bd4dc25]" started-at="2020-03-10T23:15:23 EDT" name="afterEachTestMethod" finished-at="2020-03-10T23:15:24 EDT" duration-ms="693" status="PASS">
          <params>
            <param index="0">
              <value>
                <![CDATA[[TestResult name=testClickOnTravel status=SUCCESS method=TestDropDown.testClickOnTravel()[pri:0, instance:testdropdownmenu.TestDropDown@bd4dc25] output=TestDropDown: test Click On Travel]]]>
              </value>
            </param>
          </params>
          <reporter-output>
          </reporter-output>
        </test-method> <!-- afterEachTestMethod -->
        <test-method is-config="true" signature="setUp(boolean, java.lang.String, java.lang.String, java.lang.String, java.lang.String, java.lang.String, java.lang.String)[pri:0, instance:testdropdownmenu.TestDropDown@bd4dc25]" started-at="2020-03-10T23:15:24 EDT" name="setUp" finished-at="2020-03-10T23:15:34 EDT" duration-ms="10317" status="PASS">
          <params>
            <param index="0">
              <value>
                <![CDATA[false]]>
              </value>
            </param>
            <param index="1">
              <value>
                <![CDATA[browserstack]]>
              </value>
            </param>
            <param index="2">
              <value>
                <![CDATA[Windows]]>
              </value>
            </param>
            <param index="3">
              <value>
                <![CDATA[10]]>
              </value>
            </param>
            <param index="4">
              <value>
                <![CDATA[chrome]]>
              </value>
            </param>
            <param index="5">
              <value>
                <![CDATA[79]]>
              </value>
            </param>
            <param index="6">
              <value>
                <![CDATA[https://www.nymag.com/]]>
              </value>
            </param>
          </params>
          <reporter-output>
          </reporter-output>
        </test-method> <!-- setUp -->
        <test-method is-config="true" signature="startExtent(java.lang.reflect.Method)[pri:0, instance:testdropdownmenu.TestDropDown@bd4dc25]" started-at="2020-03-10T23:15:34 EDT" name="startExtent" finished-at="2020-03-10T23:15:34 EDT" duration-ms="0" status="PASS">
          <params>
            <param index="0">
              <value>
                <![CDATA[public void testdropdownmenu.TestDropDown.testClickOnWeddings()]]>
              </value>
            </param>
          </params>
          <reporter-output>
          </reporter-output>
        </test-method> <!-- startExtent -->
        <test-method signature="testClickOnWeddings()[pri:0, instance:testdropdownmenu.TestDropDown@bd4dc25]" started-at="2020-03-10T23:15:34 EDT" name="testClickOnWeddings" finished-at="2020-03-10T23:15:45 EDT" duration-ms="11125" status="PASS">
          <reporter-output>
            <line>
              <![CDATA[TestDropDown: test Click On Weddings]]>
            </line>
            <line>
              <![CDATA[DropDownMenu: click On Burger Icon]]>
            </line>
            <line>
              <![CDATA[DropDownMenu: get Burger Icon]]>
            </line>
            <line>
              <![CDATA[DropDownMenu: click On Weddings]]>
            </line>
          </reporter-output>
        </test-method> <!-- testClickOnWeddings -->
        <test-method is-config="true" signature="afterEachTestMethod(org.testng.ITestResult)[pri:0, instance:testdropdownmenu.TestDropDown@bd4dc25]" started-at="2020-03-10T23:15:45 EDT" name="afterEachTestMethod" finished-at="2020-03-10T23:15:46 EDT" duration-ms="711" status="PASS">
          <params>
            <param index="0">
              <value>
                <![CDATA[[TestResult name=testClickOnWeddings status=SUCCESS method=TestDropDown.testClickOnWeddings()[pri:0, instance:testdropdownmenu.TestDropDown@bd4dc25] output=TestDropDown: test Click On Weddings]]]>
              </value>
            </param>
          </params>
          <reporter-output>
          </reporter-output>
        </test-method> <!-- afterEachTestMethod -->
        <test-method is-config="true" signature="cleanUp()[pri:0, instance:testdropdownmenu.TestDropDown@bd4dc25]" started-at="2020-03-10T23:15:46 EDT" name="cleanUp" finished-at="2020-03-10T23:15:46 EDT" duration-ms="0" status="PASS">
          <reporter-output>
          </reporter-output>
        </test-method> <!-- cleanUp -->
      </class> <!-- testdropdownmenu.TestDropDown -->
    </test> <!-- NYMag Home -->
  </suite> <!-- NYMag Automation Script  -->
</testng-results>
