<?xml version="1.0" encoding="UTF-8"?>
<testsuite xmlns:xsi="http://www.w3.org/2001/XMLSchema-instance" xsi:noNamespaceSchemaLocation="https://maven.apache.org/surefire/maven-surefire-plugin/xsd/surefire-test-report.xsd" name="TestSuite" time="1,969.957" tests="121" errors="0" skipped="0" failures="0">
  <properties>
[...]
</properties>
  <testcase name="clickOnBurgerIcon" classname="testhomepage.HomepageTest" time="0.227"/>
  <testcase name="grubStreetTab" classname="testhomepage.HomepageTest" time="0.242"/>
  <testcase name="intelligencerTabs" classname="testhomepage.HomepageTest" time="0.126"/>
  <testcase name="strategistTab" classname="testhomepage.HomepageTest" time="0.197"/>
  <testcase name="theCutTabs" classname="testhomepage.HomepageTest" time="0.148"/>
  <testcase name="vultureTabs" classname="testhomepage.HomepageTest" time="0.256"/>
  <testcase name="burgerIconHover" classname="testhomepage.HomepageTest2" time="0.032"/>
  <testcase name="grubStreetHover" classname="testhomepage.HomepageTest2" time="0.019"/>
  <testcase name="intelligencerHover" classname="testhomepage.HomepageTest2" time="0.082"/>
  <testcase name="strategistHover" classname="testhomepage.HomepageTest2" time="0.024"/>
  <testcase name="theCutHover" classname="testhomepage.HomepageTest2" time="0.026"/>
  <testcase name="vultureHover" classname="testhomepage.HomepageTest2" time="0.028"/>
  <testcase name="testThatSubscribeBtnWorks" classname="testsignup.SignUpTest" time="4.116"/>
  <testcase name="testThatUserCanSignInWithValidCredentials" classname="testsignup.SignUpTest" time="3.101"/>
  <testcase name="testThatUserCannotSignInWithInvalidCredentials" classname="testsignup.SignUpTest" time="4.349"/>
  <testcase name="testThatUserCannotSignInWithoutEmail" classname="testsignup.SignUpTest" time="2.373"/>
  <testcase name="testThatUserCannotSignInWithoutPassword" classname="testsignup.SignUpTest" time="2.291"/>
  <testcase name="testThatYouCanSignUpWithValidEmail" classname="testsignup.SignUpTest" time="0.399"/>
  <testcase name="testThatYouCannotSignUpWithAnInvalidEmail" classname="testsignup.SignUpTest" time="0.326"/>
  <testcase name="testClickOnBusiness" classname="testdropdownmenu.DropDownMenuTest" time="12.938"/>
  <testcase name="testClickOnIdeas" classname="testdropdownmenu.DropDownMenuTest" time="12.301"/>
  <testcase name="testClickOnIntelligencer" classname="testdropdownmenu.DropDownMenuTest" time="12.061"/>
  <testcase name="testClickOnPolitics" classname="testdropdownmenu.DropDownMenuTest" time="12.722"/>
  <testcase name="testClickOnTechnology" classname="testdropdownmenu.DropDownMenuTest" time="12.372"/>
  <testcase name="testGetTextFromDropDownMenu" classname="testdropdownmenu.DropDownMenuTest" time="0.287"/>
  <testcase name="testThatSearchBarWorks" classname="testdropdownmenu.DropDownMenuTest" time="0.429"/>
  <testcase name="testThatYouCanClearSearchBar" classname="testdropdownmenu.DropDownMenuTest" time="0.364"/>
  <testcase name="testThatYouCannotSearchWithEmptyField" classname="testdropdownmenu.DropDownMenuTest" time="0.731"/>
  <testcase name="testClickOnArt" classname="testdropdownmenu.TestDropDown" time="12.126"/>
  <testcase name="testClickOnBooks" classname="testdropdownmenu.TestDropDown" time="14.295"/>
  <testcase name="testClickOnComedy" classname="testdropdownmenu.TestDropDown" time="13.033"/>
  <testcase name="testClickOnCulture" classname="testdropdownmenu.TestDropDown" time="12.465"/>
  <testcase name="testClickOnDesignHunting" classname="testdropdownmenu.TestDropDown" time="12.264"/>
  <testcase name="testClickOnElectronics" classname="testdropdownmenu.TestDropDown" time="11.783"/>
  <testcase name="testClickOnFitness" classname="testdropdownmenu.TestDropDown" time="12.93"/>
  <testcase name="testClickOnKids" classname="testdropdownmenu.TestDropDown" time="12.161"/>
  <testcase name="testClickOnMovies" classname="testdropdownmenu.TestDropDown" time="12.731"/>
  <testcase name="testClickOnMusic" classname="testdropdownmenu.TestDropDown" time="12.196"/>
  <testcase name="testClickOnPower" classname="testdropdownmenu.TestDropDown" time="12.404"/>
  <testcase name="testClickOnSelf" classname="testdropdownmenu.TestDropDown" time="12.354"/>
  <testcase name="testClickOnStream" classname="testdropdownmenu.TestDropDown" time="12.196"/>
  <testcase name="testClickOnStyle" classname="testdropdownmenu.TestDropDown" time="12.665"/>
  <testcase name="testClickOnTV" classname="testdropdownmenu.TestDropDown" time="12.362"/>
  <testcase name="testClickOnTheater" classname="testdropdownmenu.TestDropDown" time="11.042"/>
  <testcase name="testClickOnTravel" classname="testdropdownmenu.TestDropDown" time="13.248"/>
  <testcase name="testClickOnWeddings" classname="testdropdownmenu.TestDropDown" time="11.124"/>
  <testcase name="testClickOnBeauty" classname="testdropdownmenu.TestDropDown2" time="12.086"/>
  <testcase name="testClickOnCulture" classname="testdropdownmenu.TestDropDown2" time="12.885"/>
  <testcase name="testClickOnDesignHunting" classname="testdropdownmenu.TestDropDown2" time="12.365"/>
  <testcase name="testClickOnDining" classname="testdropdownmenu.TestDropDown2" time="11.959"/>
  <testcase name="testClickOnElectronics" classname="testdropdownmenu.TestDropDown2" time="13.185"/>
  <testcase name="testClickOnFashion" classname="testdropdownmenu.TestDropDown2" time="12.553"/>
  <testcase name="testClickOnFitness" classname="testdropdownmenu.TestDropDown2" time="12.582"/>
  <testcase name="testClickOnGiftGuides" classname="testdropdownmenu.TestDropDown2" time="16.749"/>
  <testcase name="testClickOnHome" classname="testdropdownmenu.TestDropDown2" time="12.188"/>
  <testcase name="testClickOnKids" classname="testdropdownmenu.TestDropDown2" time="15.26"/>
  <testcase name="testClickOnPower" classname="testdropdownmenu.TestDropDown2" time="12.873"/>
  <testcase name="testClickOnRestaurantsAndBars" classname="testdropdownmenu.TestDropDown2" time="12.326"/>
  <testcase name="testClickOnSales" classname="testdropdownmenu.TestDropDown2" time="12.492"/>
  <testcase name="testClickOnTV" classname="testdropdownmenu.TestDropDown2" time="12.848"/>
  <testcase name="testClickOnThousandBest" classname="testdropdownmenu.TestDropDown2" time="12.301"/>
  <testcase name="testClickOnTravel" classname="testdropdownmenu.TestDropDown2" time="14.733"/>
  <testcase name="testClickOnWeddings" classname="testdropdownmenu.TestDropDown2" time="11.591"/>
  <testcase name="testClickOnAbout" classname="testdropdownmenu.TestDropDown3" time="15.147"/>
  <testcase name="testClickOnBestDoctors" classname="testdropdownmenu.TestDropDown3" time="11.989"/>
  <testcase name="testClickOnBestOfNewYork" classname="testdropdownmenu.TestDropDown3" time="12.084"/>
  <testcase name="testClickOnCrossword" classname="testdropdownmenu.TestDropDown3" time="14.079"/>
  <testcase name="testClickOnCurrentIssue" classname="testdropdownmenu.TestDropDown3" time="14.252"/>
  <testcase name="testClickOnGiftSubscription" classname="testdropdownmenu.TestDropDown3" time="13.631"/>
  <testcase name="testClickOnLegalLeaders" classname="testdropdownmenu.TestDropDown3" time="12.997"/>
  <testcase name="testClickOnNewsletters" classname="testdropdownmenu.TestDropDown3" time="11.981"/>
  <testcase name="testClickOnTheUrbanist" classname="testdropdownmenu.TestDropDown3" time="11.965"/>
  <testcase name="testClickOnVideos" classname="testdropdownmenu.TestDropDown3" time="12.434"/>
  <testcase name="testClickOnNotAGift" classname="testgiftsubscriptions.TestGiftSubscription" time="23.291"/>
  <testcase name="testSubscribeToMagazineViaNotAGift" classname="testgiftsubscriptions.TestGiftSubscription" time="39.646"/>
  <testcase name="ArtIconHover" classname="testdropdownmenu.TestDropDownMenu" time="0.149"/>
  <testcase name="BeautyIconHover" classname="testdropdownmenu.TestDropDownMenu" time="0.182"/>
  <testcase name="BooksIconHover" classname="testdropdownmenu.TestDropDownMenu" time="0.128"/>
  <testcase name="BusinessIconHover" classname="testdropdownmenu.TestDropDownMenu" time="0.171"/>
  <testcase name="ComedyIconHover" classname="testdropdownmenu.TestDropDownMenu" time="0.162"/>
  <testcase name="CultureIconHover" classname="testdropdownmenu.TestDropDownMenu" time="0.125"/>
  <testcase name="DesignIconHover" classname="testdropdownmenu.TestDropDownMenu" time="0.163"/>
  <testcase name="DiningIconHover" classname="testdropdownmenu.TestDropDownMenu" time="0.156"/>
  <testcase name="ElectronicsIconHover" classname="testdropdownmenu.TestDropDownMenu" time="0.127"/>
  <testcase name="FashionIconHover" classname="testdropdownmenu.TestDropDownMenu" time="0.219"/>
  <testcase name="FitnessIconHover" classname="testdropdownmenu.TestDropDownMenu" time="0.187"/>
  <testcase name="GiftGuidesIconHover" classname="testdropdownmenu.TestDropDownMenu" time="0.177"/>
  <testcase name="HomeIconHover" classname="testdropdownmenu.TestDropDownMenu" time="0.215"/>
  <testcase name="IdeasIconHover" classname="testdropdownmenu.TestDropDownMenu" time="0.113"/>
  <testcase name="KidsIconHover" classname="testdropdownmenu.TestDropDownMenu" time="0.152"/>
  <testcase name="MoviesIconHover" classname="testdropdownmenu.TestDropDownMenu" time="0.166"/>
  <testcase name="MusicIconHover" classname="testdropdownmenu.TestDropDownMenu" time="0.141"/>
  <testcase name="PoliticsIconHover" classname="testdropdownmenu.TestDropDownMenu" time="0.241"/>
  <testcase name="PowerIconHover" classname="testdropdownmenu.TestDropDownMenu" time="0.271"/>
  <testcase name="RestaurantAndBarsIconHover" classname="testdropdownmenu.TestDropDownMenu" time="0.12"/>
  <testcase name="SalesIconHover" classname="testdropdownmenu.TestDropDownMenu" time="0.131"/>
  <testcase name="SelfIconHover" classname="testdropdownmenu.TestDropDownMenu" time="0.444"/>
  <testcase name="StreamIconHover" classname="testdropdownmenu.TestDropDownMenu" time="0.167"/>
  <testcase name="StyleIconHover" classname="testdropdownmenu.TestDropDownMenu" time="0.612"/>
  <testcase name="TVIconHover" classname="testdropdownmenu.TestDropDownMenu" time="0.205"/>
  <testcase name="TechnologyIconHover" classname="testdropdownmenu.TestDropDownMenu" time="0.113"/>
  <testcase name="TheaterIconHover" classname="testdropdownmenu.TestDropDownMenu" time="0.185"/>
  <testcase name="ThousandBestIconHover" classname="testdropdownmenu.TestDropDownMenu" time="0.119"/>
  <testcase name="TravelIconHover" classname="testdropdownmenu.TestDropDownMenu" time="0.124"/>
  <testcase name="WeddingsIconHover" classname="testdropdownmenu.TestDropDownMenu" time="0.117"/>
  <testcase name="AboutIconHover" classname="testdropdownmenu.TestDropDownMenuContinued" time="0.127"/>
  <testcase name="BestDoctorsIconHover" classname="testdropdownmenu.TestDropDownMenuContinued" time="0.327"/>
  <testcase name="BestOfNYIconHover" classname="testdropdownmenu.TestDropDownMenuContinued" time="0.219"/>
  <testcase name="CrosswordIconHover" classname="testdropdownmenu.TestDropDownMenuContinued" time="0.245"/>
  <testcase name="CurrentIssueIconHover" classname="testdropdownmenu.TestDropDownMenuContinued" time="0.111"/>
  <testcase name="GiftGuidesIconHover" classname="testdropdownmenu.TestDropDownMenuContinued" time="0.124"/>
  <testcase name="GiftSubscriptionIconHover" classname="testdropdownmenu.TestDropDownMenuContinued" time="0.424"/>
  <testcase name="LegalLeadersIconHover" classname="testdropdownmenu.TestDropDownMenuContinued" time="0.114"/>
  <testcase name="NewslettersIconHover" classname="testdropdownmenu.TestDropDownMenuContinued" time="0.115"/>
  <testcase name="RestaurantAndBarsIconHover" classname="testdropdownmenu.TestDropDownMenuContinued" time="0.178"/>
  <testcase name="SalesIconHover" classname="testdropdownmenu.TestDropDownMenuContinued" time="0.181"/>
  <testcase name="StreamIconHover" classname="testdropdownmenu.TestDropDownMenuContinued" time="0.843"/>
  <testcase name="TheUrbanistIconHover" classname="testdropdownmenu.TestDropDownMenuContinued" time="0.176"/>
  <testcase name="ThousandBestIconHover" classname="testdropdownmenu.TestDropDownMenuContinued" time="0.505"/>
  <testcase name="VideosIconHover" classname="testdropdownmenu.TestDropDownMenuContinued" time="0.242"/>
  <testcase name="testKeyWord" classname="keywordtests.TestKeyword" time="1.389"/>
</testsuite>