<?xml version="1.0" encoding="UTF-8"?>
<testng-results ignored="0" total="5" passed="5" failed="0" skipped="0">
  <reporter-output>
    <line>
      <![CDATA[Extent Report DirectoryC:\Users\maish\Desktop\Demo\Group5\NYMag\target\surefire-reports\html]]>
    </line>
    <line>
      <![CDATA[SignUpTest: test That Subscribe Btn Works]]>
    </line>
    <line>
      <![CDATA[NYMagSignUp: click On Subscribe Btn]]>
    </line>
    <line>
      <![CDATA[NYMagSignUp: get Click On Subscribe Btn]]>
    </line>
    <line>
      <![CDATA[SignUpTest: test That User Can Sign In With Valid Credentials]]>
    </line>
    <line>
      <![CDATA[NYMagSignUp: click On User Sign In Btn]]>
    </line>
    <line>
      <![CDATA[NYMagSignUp: get Click On User Sign In Btn]]>
    </line>
    <line>
      <![CDATA[NYMagSignUp: type Email Name]]>
    </line>
    <line>
      <![CDATA[NYMagSignUp: get Enter Email Web Element]]>
    </line>
    <line>
      <![CDATA[NYMagSignUp: type User Password]]>
    </line>
    <line>
      <![CDATA[NYMagSignUp: get Enter Password]]>
    </line>
    <line>
      <![CDATA[NYMagSignUp: click On Sign In Btn]]>
    </line>
    <line>
      <![CDATA[NYMagSignUp: get Click On Sign In Btn Web Element]]>
    </line>
    <line>
      <![CDATA[SignUpTest: test That User Cannot Sign In With Invalid Credentials]]>
    </line>
    <line>
      <![CDATA[NYMagSignUp: click On User Sign In Btn]]>
    </line>
    <line>
      <![CDATA[NYMagSignUp: get Click On User Sign In Btn]]>
    </line>
    <line>
      <![CDATA[NYMagSignUp: type Email Name]]>
    </line>
    <line>
      <![CDATA[NYMagSignUp: get Enter Email Web Element]]>
    </line>
    <line>
      <![CDATA[NYMagSignUp: type User Password]]>
    </line>
    <line>
      <![CDATA[NYMagSignUp: get Enter Password]]>
    </line>
    <line>
      <![CDATA[NYMagSignUp: click On Sign In Btn]]>
    </line>
    <line>
      <![CDATA[NYMagSignUp: get Click On Sign In Btn Web Element]]>
    </line>
    <line>
      <![CDATA[SignUpTest: test That User Cannot Sign In Without Email]]>
    </line>
    <line>
      <![CDATA[NYMagSignUp: click On User Sign In Btn]]>
    </line>
    <line>
      <![CDATA[NYMagSignUp: get Click On User Sign In Btn]]>
    </line>
    <line>
      <![CDATA[NYMagSignUp: type User Password]]>
    </line>
    <line>
      <![CDATA[NYMagSignUp: get Enter Password]]>
    </line>
    <line>
      <![CDATA[NYMagSignUp: click On Sign In Btn]]>
    </line>
    <line>
      <![CDATA[NYMagSignUp: get Click On Sign In Btn Web Element]]>
    </line>
    <line>
      <![CDATA[SignUpTest: test That User Cannot Sign In Without Password]]>
    </line>
    <line>
      <![CDATA[NYMagSignUp: click On User Sign In Btn]]>
    </line>
    <line>
      <![CDATA[NYMagSignUp: get Click On User Sign In Btn]]>
    </line>
    <line>
      <![CDATA[NYMagSignUp: type Email Name]]>
    </line>
    <line>
      <![CDATA[NYMagSignUp: get Enter Email Web Element]]>
    </line>
    <line>
      <![CDATA[NYMagSignUp: click On Sign In Btn]]>
    </line>
    <line>
      <![CDATA[NYMagSignUp: get Click On Sign In Btn Web Element]]>
    </line>
  </reporter-output>
  <suite started-at="2020-03-27T22:27:49 EDT" name="NYMag Automation Script " finished-at="2020-03-27T22:28:49 EDT" duration-ms="60642">
    <groups>
    </groups>
    <test started-at="2020-03-27T22:27:49 EDT" name="NYMag Home" finished-at="2020-03-27T22:28:49 EDT" duration-ms="60642">
      <class name="testsignup.SignUpTest">
        <test-method is-config="true" signature="extentSetup(org.testng.ITestContext)[pri:0, instance:testsignup.SignUpTest@1018bde2]" started-at="2020-03-27T22:27:48 EDT" name="extentSetup" finished-at="2020-03-27T22:27:49 EDT" duration-ms="204" status="PASS">
          <params>
            <param index="0">
              <value>
                <![CDATA[org.testng.TestRunner@56681eaf]]>
              </value>
            </param>
          </params>
          <reporter-output>
            <line>
              <![CDATA[Extent Report DirectoryC:\Users\maish\Desktop\Demo\Group5\NYMag\target\surefire-reports\html]]>
            </line>
          </reporter-output>
        </test-method> <!-- extentSetup -->
        <test-method is-config="true" signature="setUp(boolean, java.lang.String, java.lang.String, java.lang.String, java.lang.String, java.lang.String, java.lang.String)[pri:0, instance:testsignup.SignUpTest@1018bde2]" started-at="2020-03-27T22:27:49 EDT" name="setUp" finished-at="2020-03-27T22:27:59 EDT" duration-ms="10265" status="PASS">
          <params>
            <param index="0">
              <value>
                <![CDATA[false]]>
              </value>
            </param>
            <param index="1">
              <value>
                <![CDATA[browserstack]]>
              </value>
            </param>
            <param index="2">
              <value>
                <![CDATA[Windows]]>
              </value>
            </param>
            <param index="3">
              <value>
                <![CDATA[10]]>
              </value>
            </param>
            <param index="4">
              <value>
                <![CDATA[chrome]]>
              </value>
            </param>
            <param index="5">
              <value>
                <![CDATA[79]]>
              </value>
            </param>
            <param index="6">
              <value>
                <![CDATA[https://www.nymag.com/]]>
              </value>
            </param>
          </params>
          <reporter-output>
          </reporter-output>
        </test-method> <!-- setUp -->
        <test-method is-config="true" signature="startExtent(java.lang.reflect.Method)[pri:0, instance:testsignup.SignUpTest@1018bde2]" started-at="2020-03-27T22:27:59 EDT" name="startExtent" finished-at="2020-03-27T22:27:59 EDT" duration-ms="7" status="PASS">
          <params>
            <param index="0">
              <value>
                <![CDATA[public void testsignup.SignUpTest.testThatSubscribeBtnWorks()]]>
              </value>
            </param>
          </params>
          <reporter-output>
          </reporter-output>
        </test-method> <!-- startExtent -->
        <test-method signature="testThatSubscribeBtnWorks()[pri:0, instance:testsignup.SignUpTest@1018bde2]" started-at="2020-03-27T22:27:59 EDT" name="testThatSubscribeBtnWorks" finished-at="2020-03-27T22:28:02 EDT" duration-ms="3035" status="PASS">
          <reporter-output>
            <line>
              <![CDATA[SignUpTest: test That Subscribe Btn Works]]>
            </line>
            <line>
              <![CDATA[NYMagSignUp: click On Subscribe Btn]]>
            </line>
            <line>
              <![CDATA[NYMagSignUp: get Click On Subscribe Btn]]>
            </line>
          </reporter-output>
        </test-method> <!-- testThatSubscribeBtnWorks -->
        <test-method is-config="true" signature="afterEachTestMethod(org.testng.ITestResult)[pri:0, instance:testsignup.SignUpTest@1018bde2]" started-at="2020-03-27T22:28:02 EDT" name="afterEachTestMethod" finished-at="2020-03-27T22:28:03 EDT" duration-ms="1080" status="PASS">
          <params>
            <param index="0">
              <value>
                <![CDATA[[TestResult name=testThatSubscribeBtnWorks status=SUCCESS method=SignUpTest.testThatSubscribeBtnWorks()[pri:0, instance:testsignup.SignUpTest@1018bde2] output=SignUpTest: test That Subscribe Btn Works]]]>
              </value>
            </param>
          </params>
          <reporter-output>
          </reporter-output>
        </test-method> <!-- afterEachTestMethod -->
        <test-method is-config="true" signature="setUp(boolean, java.lang.String, java.lang.String, java.lang.String, java.lang.String, java.lang.String, java.lang.String)[pri:0, instance:testsignup.SignUpTest@1018bde2]" started-at="2020-03-27T22:28:03 EDT" name="setUp" finished-at="2020-03-27T22:28:11 EDT" duration-ms="8285" status="PASS">
          <params>
            <param index="0">
              <value>
                <![CDATA[false]]>
              </value>
            </param>
            <param index="1">
              <value>
                <![CDATA[browserstack]]>
              </value>
            </param>
            <param index="2">
              <value>
                <![CDATA[Windows]]>
              </value>
            </param>
            <param index="3">
              <value>
                <![CDATA[10]]>
              </value>
            </param>
            <param index="4">
              <value>
                <![CDATA[chrome]]>
              </value>
            </param>
            <param index="5">
              <value>
                <![CDATA[79]]>
              </value>
            </param>
            <param index="6">
              <value>
                <![CDATA[https://www.nymag.com/]]>
              </value>
            </param>
          </params>
          <reporter-output>
          </reporter-output>
        </test-method> <!-- setUp -->
        <test-method is-config="true" signature="startExtent(java.lang.reflect.Method)[pri:0, instance:testsignup.SignUpTest@1018bde2]" started-at="2020-03-27T22:28:11 EDT" name="startExtent" finished-at="2020-03-27T22:28:11 EDT" duration-ms="1" status="PASS">
          <params>
            <param index="0">
              <value>
                <![CDATA[public void testsignup.SignUpTest.testThatUserCanSignInWithValidCredentials()]]>
              </value>
            </param>
          </params>
          <reporter-output>
          </reporter-output>
        </test-method> <!-- startExtent -->
        <test-method signature="testThatUserCanSignInWithValidCredentials()[pri:0, instance:testsignup.SignUpTest@1018bde2]" started-at="2020-03-27T22:28:11 EDT" name="testThatUserCanSignInWithValidCredentials" finished-at="2020-03-27T22:28:14 EDT" duration-ms="2298" status="PASS">
          <reporter-output>
            <line>
              <![CDATA[SignUpTest: test That User Can Sign In With Valid Credentials]]>
            </line>
            <line>
              <![CDATA[NYMagSignUp: click On User Sign In Btn]]>
            </line>
            <line>
              <![CDATA[NYMagSignUp: get Click On User Sign In Btn]]>
            </line>
            <line>
              <![CDATA[NYMagSignUp: type Email Name]]>
            </line>
            <line>
              <![CDATA[NYMagSignUp: get Enter Email Web Element]]>
            </line>
            <line>
              <![CDATA[NYMagSignUp: type User Password]]>
            </line>
            <line>
              <![CDATA[NYMagSignUp: get Enter Password]]>
            </line>
            <line>
              <![CDATA[NYMagSignUp: click On Sign In Btn]]>
            </line>
            <line>
              <![CDATA[NYMagSignUp: get Click On Sign In Btn Web Element]]>
            </line>
          </reporter-output>
        </test-method> <!-- testThatUserCanSignInWithValidCredentials -->
        <test-method is-config="true" signature="afterEachTestMethod(org.testng.ITestResult)[pri:0, instance:testsignup.SignUpTest@1018bde2]" started-at="2020-03-27T22:28:14 EDT" name="afterEachTestMethod" finished-at="2020-03-27T22:28:15 EDT" duration-ms="845" status="PASS">
          <params>
            <param index="0">
              <value>
                <![CDATA[[TestResult name=testThatUserCanSignInWithValidCredentials status=SUCCESS method=SignUpTest.testThatUserCanSignInWithValidCredentials()[pri:0, instance:testsignup.SignUpTest@1018bde2] output=SignUpTest: test That User Can Sign In With Valid Credentials]]]>
              </value>
            </param>
          </params>
          <reporter-output>
          </reporter-output>
        </test-method> <!-- afterEachTestMethod -->
        <test-method is-config="true" signature="setUp(boolean, java.lang.String, java.lang.String, java.lang.String, java.lang.String, java.lang.String, java.lang.String)[pri:0, instance:testsignup.SignUpTest@1018bde2]" started-at="2020-03-27T22:28:15 EDT" name="setUp" finished-at="2020-03-27T22:28:22 EDT" duration-ms="7682" status="PASS">
          <params>
            <param index="0">
              <value>
                <![CDATA[false]]>
              </value>
            </param>
            <param index="1">
              <value>
                <![CDATA[browserstack]]>
              </value>
            </param>
            <param index="2">
              <value>
                <![CDATA[Windows]]>
              </value>
            </param>
            <param index="3">
              <value>
                <![CDATA[10]]>
              </value>
            </param>
            <param index="4">
              <value>
                <![CDATA[chrome]]>
              </value>
            </param>
            <param index="5">
              <value>
                <![CDATA[79]]>
              </value>
            </param>
            <param index="6">
              <value>
                <![CDATA[https://www.nymag.com/]]>
              </value>
            </param>
          </params>
          <reporter-output>
          </reporter-output>
        </test-method> <!-- setUp -->
        <test-method is-config="true" signature="startExtent(java.lang.reflect.Method)[pri:0, instance:testsignup.SignUpTest@1018bde2]" started-at="2020-03-27T22:28:22 EDT" name="startExtent" finished-at="2020-03-27T22:28:22 EDT" duration-ms="2" status="PASS">
          <params>
            <param index="0">
              <value>
                <![CDATA[public void testsignup.SignUpTest.testThatUserCannotSignInWithInvalidCredentials()]]>
              </value>
            </param>
          </params>
          <reporter-output>
          </reporter-output>
        </test-method> <!-- startExtent -->
        <test-method signature="testThatUserCannotSignInWithInvalidCredentials()[pri:0, instance:testsignup.SignUpTest@1018bde2]" started-at="2020-03-27T22:28:22 EDT" name="testThatUserCannotSignInWithInvalidCredentials" finished-at="2020-03-27T22:28:25 EDT" duration-ms="2742" status="PASS">
          <reporter-output>
            <line>
              <![CDATA[SignUpTest: test That User Cannot Sign In With Invalid Credentials]]>
            </line>
            <line>
              <![CDATA[NYMagSignUp: click On User Sign In Btn]]>
            </line>
            <line>
              <![CDATA[NYMagSignUp: get Click On User Sign In Btn]]>
            </line>
            <line>
              <![CDATA[NYMagSignUp: type Email Name]]>
            </line>
            <line>
              <![CDATA[NYMagSignUp: get Enter Email Web Element]]>
            </line>
            <line>
              <![CDATA[NYMagSignUp: type User Password]]>
            </line>
            <line>
              <![CDATA[NYMagSignUp: get Enter Password]]>
            </line>
            <line>
              <![CDATA[NYMagSignUp: click On Sign In Btn]]>
            </line>
            <line>
              <![CDATA[NYMagSignUp: get Click On Sign In Btn Web Element]]>
            </line>
          </reporter-output>
        </test-method> <!-- testThatUserCannotSignInWithInvalidCredentials -->
        <test-method is-config="true" signature="afterEachTestMethod(org.testng.ITestResult)[pri:0, instance:testsignup.SignUpTest@1018bde2]" started-at="2020-03-27T22:28:25 EDT" name="afterEachTestMethod" finished-at="2020-03-27T22:28:26 EDT" duration-ms="827" status="PASS">
          <params>
            <param index="0">
              <value>
                <![CDATA[[TestResult name=testThatUserCannotSignInWithInvalidCredentials status=SUCCESS method=SignUpTest.testThatUserCannotSignInWithInvalidCredentials()[pri:0, instance:testsignup.SignUpTest@1018bde2] output=SignUpTest: test That User Cannot Sign In With Invalid Credentials]]]>
              </value>
            </param>
          </params>
          <reporter-output>
          </reporter-output>
        </test-method> <!-- afterEachTestMethod -->
        <test-method is-config="true" signature="setUp(boolean, java.lang.String, java.lang.String, java.lang.String, java.lang.String, java.lang.String, java.lang.String)[pri:0, instance:testsignup.SignUpTest@1018bde2]" started-at="2020-03-27T22:28:26 EDT" name="setUp" finished-at="2020-03-27T22:28:35 EDT" duration-ms="9178" status="PASS">
          <params>
            <param index="0">
              <value>
                <![CDATA[false]]>
              </value>
            </param>
            <param index="1">
              <value>
                <![CDATA[browserstack]]>
              </value>
            </param>
            <param index="2">
              <value>
                <![CDATA[Windows]]>
              </value>
            </param>
            <param index="3">
              <value>
                <![CDATA[10]]>
              </value>
            </param>
            <param index="4">
              <value>
                <![CDATA[chrome]]>
              </value>
            </param>
            <param index="5">
              <value>
                <![CDATA[79]]>
              </value>
            </param>
            <param index="6">
              <value>
                <![CDATA[https://www.nymag.com/]]>
              </value>
            </param>
          </params>
          <reporter-output>
          </reporter-output>
        </test-method> <!-- setUp -->
        <test-method signature="testThatUserCannotSignInWithoutEmail()[pri:0, instance:testsignup.SignUpTest@1018bde2]" started-at="2020-03-27T22:28:35 EDT" name="testThatUserCannotSignInWithoutEmail" finished-at="2020-03-27T22:28:37 EDT" duration-ms="2201" status="PASS">
          <reporter-output>
            <line>
              <![CDATA[SignUpTest: test That User Cannot Sign In Without Email]]>
            </line>
            <line>
              <![CDATA[NYMagSignUp: click On User Sign In Btn]]>
            </line>
            <line>
              <![CDATA[NYMagSignUp: get Click On User Sign In Btn]]>
            </line>
            <line>
              <![CDATA[NYMagSignUp: type User Password]]>
            </line>
            <line>
              <![CDATA[NYMagSignUp: get Enter Password]]>
            </line>
            <line>
              <![CDATA[NYMagSignUp: click On Sign In Btn]]>
            </line>
            <line>
              <![CDATA[NYMagSignUp: get Click On Sign In Btn Web Element]]>
            </line>
          </reporter-output>
        </test-method> <!-- testThatUserCannotSignInWithoutEmail -->
        <test-method is-config="true" signature="startExtent(java.lang.reflect.Method)[pri:0, instance:testsignup.SignUpTest@1018bde2]" started-at="2020-03-27T22:28:35 EDT" name="startExtent" finished-at="2020-03-27T22:28:35 EDT" duration-ms="0" status="PASS">
          <params>
            <param index="0">
              <value>
                <![CDATA[public void testsignup.SignUpTest.testThatUserCannotSignInWithoutEmail()]]>
              </value>
            </param>
          </params>
          <reporter-output>
          </reporter-output>
        </test-method> <!-- startExtent -->
        <test-method is-config="true" signature="afterEachTestMethod(org.testng.ITestResult)[pri:0, instance:testsignup.SignUpTest@1018bde2]" started-at="2020-03-27T22:28:37 EDT" name="afterEachTestMethod" finished-at="2020-03-27T22:28:38 EDT" duration-ms="916" status="PASS">
          <params>
            <param index="0">
              <value>
                <![CDATA[[TestResult name=testThatUserCannotSignInWithoutEmail status=SUCCESS method=SignUpTest.testThatUserCannotSignInWithoutEmail()[pri:0, instance:testsignup.SignUpTest@1018bde2] output=SignUpTest: test That User Cannot Sign In Without Email]]]>
              </value>
            </param>
          </params>
          <reporter-output>
          </reporter-output>
        </test-method> <!-- afterEachTestMethod -->
        <test-method is-config="true" signature="setUp(boolean, java.lang.String, java.lang.String, java.lang.String, java.lang.String, java.lang.String, java.lang.String)[pri:0, instance:testsignup.SignUpTest@1018bde2]" started-at="2020-03-27T22:28:38 EDT" name="setUp" finished-at="2020-03-27T22:28:46 EDT" duration-ms="7915" status="PASS">
          <params>
            <param index="0">
              <value>
                <![CDATA[false]]>
              </value>
            </param>
            <param index="1">
              <value>
                <![CDATA[browserstack]]>
              </value>
            </param>
            <param index="2">
              <value>
                <![CDATA[Windows]]>
              </value>
            </param>
            <param index="3">
              <value>
                <![CDATA[10]]>
              </value>
            </param>
            <param index="4">
              <value>
                <![CDATA[chrome]]>
              </value>
            </param>
            <param index="5">
              <value>
                <![CDATA[79]]>
              </value>
            </param>
            <param index="6">
              <value>
                <![CDATA[https://www.nymag.com/]]>
              </value>
            </param>
          </params>
          <reporter-output>
          </reporter-output>
        </test-method> <!-- setUp -->
        <test-method is-config="true" signature="startExtent(java.lang.reflect.Method)[pri:0, instance:testsignup.SignUpTest@1018bde2]" started-at="2020-03-27T22:28:46 EDT" name="startExtent" finished-at="2020-03-27T22:28:46 EDT" duration-ms="1" status="PASS">
          <params>
            <param index="0">
              <value>
                <![CDATA[public void testsignup.SignUpTest.testThatUserCannotSignInWithoutPassword()]]>
              </value>
            </param>
          </params>
          <reporter-output>
          </reporter-output>
        </test-method> <!-- startExtent -->
        <test-method signature="testThatUserCannotSignInWithoutPassword()[pri:0, instance:testsignup.SignUpTest@1018bde2]" started-at="2020-03-27T22:28:46 EDT" name="testThatUserCannotSignInWithoutPassword" finished-at="2020-03-27T22:28:48 EDT" duration-ms="2386" status="PASS">
          <reporter-output>
            <line>
              <![CDATA[SignUpTest: test That User Cannot Sign In Without Password]]>
            </line>
            <line>
              <![CDATA[NYMagSignUp: click On User Sign In Btn]]>
            </line>
            <line>
              <![CDATA[NYMagSignUp: get Click On User Sign In Btn]]>
            </line>
            <line>
              <![CDATA[NYMagSignUp: type Email Name]]>
            </line>
            <line>
              <![CDATA[NYMagSignUp: get Enter Email Web Element]]>
            </line>
            <line>
              <![CDATA[NYMagSignUp: click On Sign In Btn]]>
            </line>
            <line>
              <![CDATA[NYMagSignUp: get Click On Sign In Btn Web Element]]>
            </line>
          </reporter-output>
        </test-method> <!-- testThatUserCannotSignInWithoutPassword -->
        <test-method is-config="true" signature="afterEachTestMethod(org.testng.ITestResult)[pri:0, instance:testsignup.SignUpTest@1018bde2]" started-at="2020-03-27T22:28:48 EDT" name="afterEachTestMethod" finished-at="2020-03-27T22:28:49 EDT" duration-ms="931" status="PASS">
          <params>
            <param index="0">
              <value>
                <![CDATA[[TestResult name=testThatUserCannotSignInWithoutPassword status=SUCCESS method=SignUpTest.testThatUserCannotSignInWithoutPassword()[pri:0, instance:testsignup.SignUpTest@1018bde2] output=SignUpTest: test That User Cannot Sign In Without Password]]]>
              </value>
            </param>
          </params>
          <reporter-output>
          </reporter-output>
        </test-method> <!-- afterEachTestMethod -->
        <test-method is-config="true" signature="cleanUp()[pri:0, instance:testsignup.SignUpTest@1018bde2]" started-at="2020-03-27T22:28:49 EDT" name="cleanUp" finished-at="2020-03-27T22:28:49 EDT" duration-ms="1" status="PASS">
          <reporter-output>
          </reporter-output>
        </test-method> <!-- cleanUp -->
        <test-method is-config="true" signature="generateReport()[pri:0, instance:testsignup.SignUpTest@1018bde2]" started-at="2020-03-27T22:28:49 EDT" name="generateReport" finished-at="2020-03-27T22:28:49 EDT" duration-ms="25" status="PASS">
          <reporter-output>
          </reporter-output>
        </test-method> <!-- generateReport -->
      </class> <!-- testsignup.SignUpTest -->
    </test> <!-- NYMag Home -->
  </suite> <!-- NYMag Automation Script  -->
</testng-results>
