<?xml version="1.0" encoding="UTF-8"?>
<testsuite xmlns:xsi="http://www.w3.org/2001/XMLSchema-instance" xsi:noNamespaceSchemaLocation="https://maven.apache.org/surefire/maven-surefire-plugin/xsd/surefire-test-report-3.0.xsd" version="3.0" name="TestSuite" time="81.488" tests="117" errors="0" skipped="112" failures="5">
  <properties>
[...]
</properties>
  <testcase name="setUp" classname="tests.DropDownMenuTest" time="20.973">
    <failure message="Timed out waiting for driver server to start.&#10;Build info: version: &apos;3.141.59&apos;, revision: &apos;e82be7d358&apos;, time: &apos;2018-11-14T08:17:03&apos;&#10;System info: host: &apos;WINDOWS-HIDHT5B&apos;, ip: &apos;192.168.56.1&apos;, os.name: &apos;Windows 10&apos;, os.arch: &apos;amd64&apos;, os.version: &apos;10.0&apos;, java.version: &apos;13.0.1&apos;&#10;Driver info: driver.version: ChromeDriver" type="org.openqa.selenium.WebDriverException">org.openqa.selenium.WebDriverException: 
Timed out waiting for driver server to start.
Build info: version: '3.141.59', revision: 'e82be7d358', time: '2018-11-14T08:17:03'
System info: host: 'WINDOWS-HIDHT5B', ip: '192.168.56.1', os.name: 'Windows 10', os.arch: 'amd64', os.version: '10.0', java.version: '13.0.1'
Driver info: driver.version: ChromeDriver
Caused by: org.openqa.selenium.net.UrlChecker$TimeoutException: Timed out waiting for [http://localhost:48823/status] to be available after 20004 ms
Caused by: java.util.concurrent.TimeoutException
</failure>
    <system-out><![CDATA[Extent Report DirectoryC:\Users\maish\Desktop\Demo\Group5\NYMag\target\surefire-reports\html
]]></system-out>
    <system-err><![CDATA[Feb 08, 2020 4:59:36 PM org.openqa.selenium.os.OsProcess checkForError
SEVERE: org.apache.commons.exec.ExecuteException: Execution failed (Exit value: -559038737. Caused by java.io.IOException: Cannot run program "C:\Users\maish\Desktop\Demo\Group5\Generic\browser-driver\chromedriver" (in directory "."): CreateProcess error=193, %1 is not a valid Win32 application)
]]></system-err>
  </testcase>
  <testcase name="setUp" classname="tests.DropDownMenuTest" time="0">
    <skipped/>
  </testcase>
  <testcase name="setUp" classname="tests.DropDownMenuTest" time="0">
    <skipped/>
  </testcase>
  <testcase name="setUp" classname="tests.DropDownMenuTest" time="0">
    <skipped/>
  </testcase>
  <testcase name="setUp" classname="tests.DropDownMenuTest" time="0">
    <skipped/>
  </testcase>
  <testcase name="setUp" classname="tests.DropDownMenuTest" time="0">
    <skipped/>
  </testcase>
  <testcase name="setUp" classname="tests.DropDownMenuTest" time="0">
    <skipped/>
  </testcase>
  <testcase name="setUp" classname="tests.DropDownMenuTest" time="0">
    <skipped/>
  </testcase>
  <testcase name="setUp" classname="tests.DropDownMenuTest" time="0">
    <skipped/>
  </testcase>
  <testcase name="startExtent" classname="tests.DropDownMenuTest" time="0">
    <skipped/>
  </testcase>
  <testcase name="startExtent" classname="tests.DropDownMenuTest" time="0">
    <skipped/>
  </testcase>
  <testcase name="startExtent" classname="tests.DropDownMenuTest" time="0">
    <skipped/>
  </testcase>
  <testcase name="startExtent" classname="tests.DropDownMenuTest" time="0">
    <skipped/>
  </testcase>
  <testcase name="startExtent" classname="tests.DropDownMenuTest" time="0">
    <skipped/>
  </testcase>
  <testcase name="startExtent" classname="tests.DropDownMenuTest" time="0">
    <skipped/>
  </testcase>
  <testcase name="startExtent" classname="tests.DropDownMenuTest" time="0">
    <skipped/>
  </testcase>
  <testcase name="startExtent" classname="tests.DropDownMenuTest" time="0">
    <skipped/>
  </testcase>
  <testcase name="startExtent" classname="tests.DropDownMenuTest" time="0">
    <skipped/>
  </testcase>
  <testcase name="testClickOnBusiness" classname="tests.DropDownMenuTest" time="0">
    <skipped message="Timed out waiting for driver server to start.&#10;Build info: version: &apos;3.141.59&apos;, revision: &apos;e82be7d358&apos;, time: &apos;2018-11-14T08:17:03&apos;&#10;System info: host: &apos;WINDOWS-HIDHT5B&apos;, ip: &apos;192.168.56.1&apos;, os.name: &apos;Windows 10&apos;, os.arch: &apos;amd64&apos;, os.version: &apos;10.0&apos;, java.version: &apos;13.0.1&apos;&#10;Driver info: driver.version: ChromeDriver"/>
  </testcase>
  <testcase name="afterEachTestMethod" classname="tests.DropDownMenuTest" time="0">
    <skipped/>
  </testcase>
  <testcase name="afterEachTestMethod" classname="tests.DropDownMenuTest" time="0">
    <skipped/>
  </testcase>
  <testcase name="afterEachTestMethod" classname="tests.DropDownMenuTest" time="0">
    <skipped/>
  </testcase>
  <testcase name="afterEachTestMethod" classname="tests.DropDownMenuTest" time="0">
    <skipped/>
  </testcase>
  <testcase name="afterEachTestMethod" classname="tests.DropDownMenuTest" time="0">
    <skipped/>
  </testcase>
  <testcase name="afterEachTestMethod" classname="tests.DropDownMenuTest" time="0">
    <skipped/>
  </testcase>
  <testcase name="afterEachTestMethod" classname="tests.DropDownMenuTest" time="0">
    <skipped/>
  </testcase>
  <testcase name="afterEachTestMethod" classname="tests.DropDownMenuTest" time="0">
    <skipped/>
  </testcase>
  <testcase name="afterEachTestMethod" classname="tests.DropDownMenuTest" time="0">
    <skipped/>
  </testcase>
  <testcase name="testClickOnIdeas" classname="tests.DropDownMenuTest" time="0">
    <skipped message="Timed out waiting for driver server to start.&#10;Build info: version: &apos;3.141.59&apos;, revision: &apos;e82be7d358&apos;, time: &apos;2018-11-14T08:17:03&apos;&#10;System info: host: &apos;WINDOWS-HIDHT5B&apos;, ip: &apos;192.168.56.1&apos;, os.name: &apos;Windows 10&apos;, os.arch: &apos;amd64&apos;, os.version: &apos;10.0&apos;, java.version: &apos;13.0.1&apos;&#10;Driver info: driver.version: ChromeDriver"/>
  </testcase>
  <testcase name="testClickOnIntelligencer" classname="tests.DropDownMenuTest" time="0">
    <skipped message="Timed out waiting for driver server to start.&#10;Build info: version: &apos;3.141.59&apos;, revision: &apos;e82be7d358&apos;, time: &apos;2018-11-14T08:17:03&apos;&#10;System info: host: &apos;WINDOWS-HIDHT5B&apos;, ip: &apos;192.168.56.1&apos;, os.name: &apos;Windows 10&apos;, os.arch: &apos;amd64&apos;, os.version: &apos;10.0&apos;, java.version: &apos;13.0.1&apos;&#10;Driver info: driver.version: ChromeDriver"/>
  </testcase>
  <testcase name="testClickOnPolitics" classname="tests.DropDownMenuTest" time="0">
    <skipped message="Timed out waiting for driver server to start.&#10;Build info: version: &apos;3.141.59&apos;, revision: &apos;e82be7d358&apos;, time: &apos;2018-11-14T08:17:03&apos;&#10;System info: host: &apos;WINDOWS-HIDHT5B&apos;, ip: &apos;192.168.56.1&apos;, os.name: &apos;Windows 10&apos;, os.arch: &apos;amd64&apos;, os.version: &apos;10.0&apos;, java.version: &apos;13.0.1&apos;&#10;Driver info: driver.version: ChromeDriver"/>
  </testcase>
  <testcase name="testClickOnTechnology" classname="tests.DropDownMenuTest" time="0">
    <skipped message="Timed out waiting for driver server to start.&#10;Build info: version: &apos;3.141.59&apos;, revision: &apos;e82be7d358&apos;, time: &apos;2018-11-14T08:17:03&apos;&#10;System info: host: &apos;WINDOWS-HIDHT5B&apos;, ip: &apos;192.168.56.1&apos;, os.name: &apos;Windows 10&apos;, os.arch: &apos;amd64&apos;, os.version: &apos;10.0&apos;, java.version: &apos;13.0.1&apos;&#10;Driver info: driver.version: ChromeDriver"/>
  </testcase>
  <testcase name="testGetTextFromDropDownMenu" classname="tests.DropDownMenuTest" time="0">
    <skipped message="Timed out waiting for driver server to start.&#10;Build info: version: &apos;3.141.59&apos;, revision: &apos;e82be7d358&apos;, time: &apos;2018-11-14T08:17:03&apos;&#10;System info: host: &apos;WINDOWS-HIDHT5B&apos;, ip: &apos;192.168.56.1&apos;, os.name: &apos;Windows 10&apos;, os.arch: &apos;amd64&apos;, os.version: &apos;10.0&apos;, java.version: &apos;13.0.1&apos;&#10;Driver info: driver.version: ChromeDriver"/>
  </testcase>
  <testcase name="testThatSearchBarWorks" classname="tests.DropDownMenuTest" time="0">
    <skipped message="Timed out waiting for driver server to start.&#10;Build info: version: &apos;3.141.59&apos;, revision: &apos;e82be7d358&apos;, time: &apos;2018-11-14T08:17:03&apos;&#10;System info: host: &apos;WINDOWS-HIDHT5B&apos;, ip: &apos;192.168.56.1&apos;, os.name: &apos;Windows 10&apos;, os.arch: &apos;amd64&apos;, os.version: &apos;10.0&apos;, java.version: &apos;13.0.1&apos;&#10;Driver info: driver.version: ChromeDriver"/>
  </testcase>
  <testcase name="testThatYouCanClearSearchBar" classname="tests.DropDownMenuTest" time="0">
    <skipped message="Timed out waiting for driver server to start.&#10;Build info: version: &apos;3.141.59&apos;, revision: &apos;e82be7d358&apos;, time: &apos;2018-11-14T08:17:03&apos;&#10;System info: host: &apos;WINDOWS-HIDHT5B&apos;, ip: &apos;192.168.56.1&apos;, os.name: &apos;Windows 10&apos;, os.arch: &apos;amd64&apos;, os.version: &apos;10.0&apos;, java.version: &apos;13.0.1&apos;&#10;Driver info: driver.version: ChromeDriver"/>
  </testcase>
  <testcase name="testThatYouCannotSearchWithEmptyField" classname="tests.DropDownMenuTest" time="0">
    <skipped message="Timed out waiting for driver server to start.&#10;Build info: version: &apos;3.141.59&apos;, revision: &apos;e82be7d358&apos;, time: &apos;2018-11-14T08:17:03&apos;&#10;System info: host: &apos;WINDOWS-HIDHT5B&apos;, ip: &apos;192.168.56.1&apos;, os.name: &apos;Windows 10&apos;, os.arch: &apos;amd64&apos;, os.version: &apos;10.0&apos;, java.version: &apos;13.0.1&apos;&#10;Driver info: driver.version: ChromeDriver"/>
  </testcase>
  <testcase name="cleanUp" classname="tests.DropDownMenuTest" time="0">
    <skipped/>
  </testcase>
  <testcase name="setUp" classname="tests.HomepageTest" time="20.021">
    <failure message="Timed out waiting for driver server to start.&#10;Build info: version: &apos;3.141.59&apos;, revision: &apos;e82be7d358&apos;, time: &apos;2018-11-14T08:17:03&apos;&#10;System info: host: &apos;WINDOWS-HIDHT5B&apos;, ip: &apos;192.168.56.1&apos;, os.name: &apos;Windows 10&apos;, os.arch: &apos;amd64&apos;, os.version: &apos;10.0&apos;, java.version: &apos;13.0.1&apos;&#10;Driver info: driver.version: ChromeDriver" type="org.openqa.selenium.WebDriverException">org.openqa.selenium.WebDriverException: 
Timed out waiting for driver server to start.
Build info: version: '3.141.59', revision: 'e82be7d358', time: '2018-11-14T08:17:03'
System info: host: 'WINDOWS-HIDHT5B', ip: '192.168.56.1', os.name: 'Windows 10', os.arch: 'amd64', os.version: '10.0', java.version: '13.0.1'
Driver info: driver.version: ChromeDriver
Caused by: org.openqa.selenium.net.UrlChecker$TimeoutException: Timed out waiting for [http://localhost:22994/status] to be available after 20001 ms
Caused by: java.util.concurrent.TimeoutException
</failure>
    <system-err><![CDATA[Feb 08, 2020 4:59:56 PM org.openqa.selenium.os.OsProcess checkForError
SEVERE: org.apache.commons.exec.ExecuteException: Execution failed (Exit value: -559038737. Caused by java.io.IOException: Cannot run program "C:\Users\maish\Desktop\Demo\Group5\Generic\browser-driver\chromedriver" (in directory "."): CreateProcess error=193, %1 is not a valid Win32 application)
]]></system-err>
  </testcase>
  <testcase name="setUp" classname="tests.HomepageTest" time="0">
    <skipped/>
  </testcase>
  <testcase name="setUp" classname="tests.HomepageTest" time="0">
    <skipped/>
  </testcase>
  <testcase name="setUp" classname="tests.HomepageTest" time="0">
    <skipped/>
  </testcase>
  <testcase name="setUp" classname="tests.HomepageTest" time="0">
    <skipped/>
  </testcase>
  <testcase name="setUp" classname="tests.HomepageTest" time="0">
    <skipped/>
  </testcase>
  <testcase name="startExtent" classname="tests.HomepageTest" time="0">
    <skipped/>
  </testcase>
  <testcase name="startExtent" classname="tests.HomepageTest" time="0">
    <skipped/>
  </testcase>
  <testcase name="startExtent" classname="tests.HomepageTest" time="0">
    <skipped/>
  </testcase>
  <testcase name="startExtent" classname="tests.HomepageTest" time="0">
    <skipped/>
  </testcase>
  <testcase name="startExtent" classname="tests.HomepageTest" time="0">
    <skipped/>
  </testcase>
  <testcase name="startExtent" classname="tests.HomepageTest" time="0">
    <skipped/>
  </testcase>
  <testcase name="clickOnBurgerIcon" classname="tests.HomepageTest" time="0">
    <skipped message="Timed out waiting for driver server to start.&#10;Build info: version: &apos;3.141.59&apos;, revision: &apos;e82be7d358&apos;, time: &apos;2018-11-14T08:17:03&apos;&#10;System info: host: &apos;WINDOWS-HIDHT5B&apos;, ip: &apos;192.168.56.1&apos;, os.name: &apos;Windows 10&apos;, os.arch: &apos;amd64&apos;, os.version: &apos;10.0&apos;, java.version: &apos;13.0.1&apos;&#10;Driver info: driver.version: ChromeDriver"/>
  </testcase>
  <testcase name="afterEachTestMethod" classname="tests.HomepageTest" time="0">
    <skipped/>
  </testcase>
  <testcase name="afterEachTestMethod" classname="tests.HomepageTest" time="0">
    <skipped/>
  </testcase>
  <testcase name="afterEachTestMethod" classname="tests.HomepageTest" time="0">
    <skipped/>
  </testcase>
  <testcase name="afterEachTestMethod" classname="tests.HomepageTest" time="0">
    <skipped/>
  </testcase>
  <testcase name="afterEachTestMethod" classname="tests.HomepageTest" time="0">
    <skipped/>
  </testcase>
  <testcase name="afterEachTestMethod" classname="tests.HomepageTest" time="0">
    <skipped/>
  </testcase>
  <testcase name="grubStreetTab" classname="tests.HomepageTest" time="0">
    <skipped message="Timed out waiting for driver server to start.&#10;Build info: version: &apos;3.141.59&apos;, revision: &apos;e82be7d358&apos;, time: &apos;2018-11-14T08:17:03&apos;&#10;System info: host: &apos;WINDOWS-HIDHT5B&apos;, ip: &apos;192.168.56.1&apos;, os.name: &apos;Windows 10&apos;, os.arch: &apos;amd64&apos;, os.version: &apos;10.0&apos;, java.version: &apos;13.0.1&apos;&#10;Driver info: driver.version: ChromeDriver"/>
  </testcase>
  <testcase name="intelligencerTabs" classname="tests.HomepageTest" time="0">
    <skipped message="Timed out waiting for driver server to start.&#10;Build info: version: &apos;3.141.59&apos;, revision: &apos;e82be7d358&apos;, time: &apos;2018-11-14T08:17:03&apos;&#10;System info: host: &apos;WINDOWS-HIDHT5B&apos;, ip: &apos;192.168.56.1&apos;, os.name: &apos;Windows 10&apos;, os.arch: &apos;amd64&apos;, os.version: &apos;10.0&apos;, java.version: &apos;13.0.1&apos;&#10;Driver info: driver.version: ChromeDriver"/>
  </testcase>
  <testcase name="strategistTab" classname="tests.HomepageTest" time="0">
    <skipped message="Timed out waiting for driver server to start.&#10;Build info: version: &apos;3.141.59&apos;, revision: &apos;e82be7d358&apos;, time: &apos;2018-11-14T08:17:03&apos;&#10;System info: host: &apos;WINDOWS-HIDHT5B&apos;, ip: &apos;192.168.56.1&apos;, os.name: &apos;Windows 10&apos;, os.arch: &apos;amd64&apos;, os.version: &apos;10.0&apos;, java.version: &apos;13.0.1&apos;&#10;Driver info: driver.version: ChromeDriver"/>
  </testcase>
  <testcase name="theCutTabs" classname="tests.HomepageTest" time="0">
    <skipped message="Timed out waiting for driver server to start.&#10;Build info: version: &apos;3.141.59&apos;, revision: &apos;e82be7d358&apos;, time: &apos;2018-11-14T08:17:03&apos;&#10;System info: host: &apos;WINDOWS-HIDHT5B&apos;, ip: &apos;192.168.56.1&apos;, os.name: &apos;Windows 10&apos;, os.arch: &apos;amd64&apos;, os.version: &apos;10.0&apos;, java.version: &apos;13.0.1&apos;&#10;Driver info: driver.version: ChromeDriver"/>
  </testcase>
  <testcase name="vultureTabs" classname="tests.HomepageTest" time="0">
    <skipped message="Timed out waiting for driver server to start.&#10;Build info: version: &apos;3.141.59&apos;, revision: &apos;e82be7d358&apos;, time: &apos;2018-11-14T08:17:03&apos;&#10;System info: host: &apos;WINDOWS-HIDHT5B&apos;, ip: &apos;192.168.56.1&apos;, os.name: &apos;Windows 10&apos;, os.arch: &apos;amd64&apos;, os.version: &apos;10.0&apos;, java.version: &apos;13.0.1&apos;&#10;Driver info: driver.version: ChromeDriver"/>
  </testcase>
  <testcase name="cleanUp" classname="tests.HomepageTest" time="0">
    <skipped/>
  </testcase>
  <testcase name="setUp" classname="tests.NYMagTest" time="20.032">
    <failure message="Timed out waiting for driver server to start.&#10;Build info: version: &apos;3.141.59&apos;, revision: &apos;e82be7d358&apos;, time: &apos;2018-11-14T08:17:03&apos;&#10;System info: host: &apos;WINDOWS-HIDHT5B&apos;, ip: &apos;192.168.56.1&apos;, os.name: &apos;Windows 10&apos;, os.arch: &apos;amd64&apos;, os.version: &apos;10.0&apos;, java.version: &apos;13.0.1&apos;&#10;Driver info: driver.version: ChromeDriver" type="org.openqa.selenium.WebDriverException">org.openqa.selenium.WebDriverException: 
Timed out waiting for driver server to start.
Build info: version: '3.141.59', revision: 'e82be7d358', time: '2018-11-14T08:17:03'
System info: host: 'WINDOWS-HIDHT5B', ip: '192.168.56.1', os.name: 'Windows 10', os.arch: 'amd64', os.version: '10.0', java.version: '13.0.1'
Driver info: driver.version: ChromeDriver
Caused by: org.openqa.selenium.net.UrlChecker$TimeoutException: Timed out waiting for [http://localhost:25391/status] to be available after 20001 ms
Caused by: java.util.concurrent.TimeoutException
</failure>
    <system-err><![CDATA[Feb 08, 2020 5:00:16 PM org.openqa.selenium.os.OsProcess checkForError
SEVERE: org.apache.commons.exec.ExecuteException: Execution failed (Exit value: -559038737. Caused by java.io.IOException: Cannot run program "C:\Users\maish\Desktop\Demo\Group5\Generic\browser-driver\chromedriver" (in directory "."): CreateProcess error=193, %1 is not a valid Win32 application)
]]></system-err>
  </testcase>
  <testcase name="setUp" classname="tests.NYMagTest" time="0">
    <skipped/>
  </testcase>
  <testcase name="setUp" classname="tests.NYMagTest" time="0">
    <skipped/>
  </testcase>
  <testcase name="setUp" classname="tests.NYMagTest" time="0">
    <skipped/>
  </testcase>
  <testcase name="setUp" classname="tests.NYMagTest" time="0">
    <skipped/>
  </testcase>
  <testcase name="setUp" classname="tests.NYMagTest" time="0">
    <skipped/>
  </testcase>
  <testcase name="startExtent" classname="tests.NYMagTest" time="0">
    <skipped/>
  </testcase>
  <testcase name="startExtent" classname="tests.NYMagTest" time="0">
    <skipped/>
  </testcase>
  <testcase name="startExtent" classname="tests.NYMagTest" time="0">
    <skipped/>
  </testcase>
  <testcase name="startExtent" classname="tests.NYMagTest" time="0">
    <skipped/>
  </testcase>
  <testcase name="startExtent" classname="tests.NYMagTest" time="0">
    <skipped/>
  </testcase>
  <testcase name="startExtent" classname="tests.NYMagTest" time="0">
    <skipped/>
  </testcase>
  <testcase name="clickOnBurgerIcon" classname="tests.NYMagTest" time="0">
    <skipped message="Timed out waiting for driver server to start.&#10;Build info: version: &apos;3.141.59&apos;, revision: &apos;e82be7d358&apos;, time: &apos;2018-11-14T08:17:03&apos;&#10;System info: host: &apos;WINDOWS-HIDHT5B&apos;, ip: &apos;192.168.56.1&apos;, os.name: &apos;Windows 10&apos;, os.arch: &apos;amd64&apos;, os.version: &apos;10.0&apos;, java.version: &apos;13.0.1&apos;&#10;Driver info: driver.version: ChromeDriver"/>
  </testcase>
  <testcase name="afterEachTestMethod" classname="tests.NYMagTest" time="0">
    <skipped/>
  </testcase>
  <testcase name="afterEachTestMethod" classname="tests.NYMagTest" time="0">
    <skipped/>
  </testcase>
  <testcase name="afterEachTestMethod" classname="tests.NYMagTest" time="0">
    <skipped/>
  </testcase>
  <testcase name="afterEachTestMethod" classname="tests.NYMagTest" time="0">
    <skipped/>
  </testcase>
  <testcase name="afterEachTestMethod" classname="tests.NYMagTest" time="0">
    <skipped/>
  </testcase>
  <testcase name="afterEachTestMethod" classname="tests.NYMagTest" time="0">
    <skipped/>
  </testcase>
  <testcase name="grubStreetTab" classname="tests.NYMagTest" time="0">
    <skipped message="Timed out waiting for driver server to start.&#10;Build info: version: &apos;3.141.59&apos;, revision: &apos;e82be7d358&apos;, time: &apos;2018-11-14T08:17:03&apos;&#10;System info: host: &apos;WINDOWS-HIDHT5B&apos;, ip: &apos;192.168.56.1&apos;, os.name: &apos;Windows 10&apos;, os.arch: &apos;amd64&apos;, os.version: &apos;10.0&apos;, java.version: &apos;13.0.1&apos;&#10;Driver info: driver.version: ChromeDriver"/>
  </testcase>
  <testcase name="intelligencerTabs" classname="tests.NYMagTest" time="0">
    <skipped message="Timed out waiting for driver server to start.&#10;Build info: version: &apos;3.141.59&apos;, revision: &apos;e82be7d358&apos;, time: &apos;2018-11-14T08:17:03&apos;&#10;System info: host: &apos;WINDOWS-HIDHT5B&apos;, ip: &apos;192.168.56.1&apos;, os.name: &apos;Windows 10&apos;, os.arch: &apos;amd64&apos;, os.version: &apos;10.0&apos;, java.version: &apos;13.0.1&apos;&#10;Driver info: driver.version: ChromeDriver"/>
  </testcase>
  <testcase name="strategistTab" classname="tests.NYMagTest" time="0">
    <skipped message="Timed out waiting for driver server to start.&#10;Build info: version: &apos;3.141.59&apos;, revision: &apos;e82be7d358&apos;, time: &apos;2018-11-14T08:17:03&apos;&#10;System info: host: &apos;WINDOWS-HIDHT5B&apos;, ip: &apos;192.168.56.1&apos;, os.name: &apos;Windows 10&apos;, os.arch: &apos;amd64&apos;, os.version: &apos;10.0&apos;, java.version: &apos;13.0.1&apos;&#10;Driver info: driver.version: ChromeDriver"/>
  </testcase>
  <testcase name="theCutTabs" classname="tests.NYMagTest" time="0">
    <skipped message="Timed out waiting for driver server to start.&#10;Build info: version: &apos;3.141.59&apos;, revision: &apos;e82be7d358&apos;, time: &apos;2018-11-14T08:17:03&apos;&#10;System info: host: &apos;WINDOWS-HIDHT5B&apos;, ip: &apos;192.168.56.1&apos;, os.name: &apos;Windows 10&apos;, os.arch: &apos;amd64&apos;, os.version: &apos;10.0&apos;, java.version: &apos;13.0.1&apos;&#10;Driver info: driver.version: ChromeDriver"/>
  </testcase>
  <testcase name="vultureTabs" classname="tests.NYMagTest" time="0">
    <skipped message="Timed out waiting for driver server to start.&#10;Build info: version: &apos;3.141.59&apos;, revision: &apos;e82be7d358&apos;, time: &apos;2018-11-14T08:17:03&apos;&#10;System info: host: &apos;WINDOWS-HIDHT5B&apos;, ip: &apos;192.168.56.1&apos;, os.name: &apos;Windows 10&apos;, os.arch: &apos;amd64&apos;, os.version: &apos;10.0&apos;, java.version: &apos;13.0.1&apos;&#10;Driver info: driver.version: ChromeDriver"/>
  </testcase>
  <testcase name="cleanUp" classname="tests.NYMagTest" time="0">
    <skipped/>
  </testcase>
  <testcase name="setUp" classname="tests.SignUpTest" time="20.035">
    <failure message="Timed out waiting for driver server to start.&#10;Build info: version: &apos;3.141.59&apos;, revision: &apos;e82be7d358&apos;, time: &apos;2018-11-14T08:17:03&apos;&#10;System info: host: &apos;WINDOWS-HIDHT5B&apos;, ip: &apos;192.168.56.1&apos;, os.name: &apos;Windows 10&apos;, os.arch: &apos;amd64&apos;, os.version: &apos;10.0&apos;, java.version: &apos;13.0.1&apos;&#10;Driver info: driver.version: ChromeDriver" type="org.openqa.selenium.WebDriverException">org.openqa.selenium.WebDriverException: 
Timed out waiting for driver server to start.
Build info: version: '3.141.59', revision: 'e82be7d358', time: '2018-11-14T08:17:03'
System info: host: 'WINDOWS-HIDHT5B', ip: '192.168.56.1', os.name: 'Windows 10', os.arch: 'amd64', os.version: '10.0', java.version: '13.0.1'
Driver info: driver.version: ChromeDriver
Caused by: org.openqa.selenium.net.UrlChecker$TimeoutException: Timed out waiting for [http://localhost:27894/status] to be available after 20004 ms
Caused by: java.util.concurrent.TimeoutException
</failure>
    <system-err><![CDATA[Feb 08, 2020 5:00:36 PM org.openqa.selenium.os.OsProcess checkForError
SEVERE: org.apache.commons.exec.ExecuteException: Execution failed (Exit value: -559038737. Caused by java.io.IOException: Cannot run program "C:\Users\maish\Desktop\Demo\Group5\Generic\browser-driver\chromedriver" (in directory "."): CreateProcess error=193, %1 is not a valid Win32 application)
]]></system-err>
  </testcase>
  <testcase name="setUp" classname="tests.SignUpTest" time="0">
    <skipped/>
  </testcase>
  <testcase name="setUp" classname="tests.SignUpTest" time="0">
    <skipped/>
  </testcase>
  <testcase name="setUp" classname="tests.SignUpTest" time="0">
    <skipped/>
  </testcase>
  <testcase name="setUp" classname="tests.SignUpTest" time="0">
    <skipped/>
  </testcase>
  <testcase name="setUp" classname="tests.SignUpTest" time="0">
    <skipped/>
  </testcase>
  <testcase name="setUp" classname="tests.SignUpTest" time="0">
    <skipped/>
  </testcase>
  <testcase name="startExtent" classname="tests.SignUpTest" time="0">
    <skipped/>
  </testcase>
  <testcase name="startExtent" classname="tests.SignUpTest" time="0">
    <skipped/>
  </testcase>
  <testcase name="startExtent" classname="tests.SignUpTest" time="0">
    <skipped/>
  </testcase>
  <testcase name="startExtent" classname="tests.SignUpTest" time="0">
    <skipped/>
  </testcase>
  <testcase name="startExtent" classname="tests.SignUpTest" time="0">
    <skipped/>
  </testcase>
  <testcase name="startExtent" classname="tests.SignUpTest" time="0">
    <skipped/>
  </testcase>
  <testcase name="startExtent" classname="tests.SignUpTest" time="0">
    <skipped/>
  </testcase>
  <testcase name="testThatSubscribeBtnWorks" classname="tests.SignUpTest" time="0">
    <skipped message="Timed out waiting for driver server to start.&#10;Build info: version: &apos;3.141.59&apos;, revision: &apos;e82be7d358&apos;, time: &apos;2018-11-14T08:17:03&apos;&#10;System info: host: &apos;WINDOWS-HIDHT5B&apos;, ip: &apos;192.168.56.1&apos;, os.name: &apos;Windows 10&apos;, os.arch: &apos;amd64&apos;, os.version: &apos;10.0&apos;, java.version: &apos;13.0.1&apos;&#10;Driver info: driver.version: ChromeDriver"/>
  </testcase>
  <testcase name="afterEachTestMethod" classname="tests.SignUpTest" time="0">
    <skipped/>
  </testcase>
  <testcase name="afterEachTestMethod" classname="tests.SignUpTest" time="0">
    <skipped/>
  </testcase>
  <testcase name="afterEachTestMethod" classname="tests.SignUpTest" time="0">
    <skipped/>
  </testcase>
  <testcase name="afterEachTestMethod" classname="tests.SignUpTest" time="0">
    <skipped/>
  </testcase>
  <testcase name="afterEachTestMethod" classname="tests.SignUpTest" time="0">
    <skipped/>
  </testcase>
  <testcase name="afterEachTestMethod" classname="tests.SignUpTest" time="0">
    <skipped/>
  </testcase>
  <testcase name="afterEachTestMethod" classname="tests.SignUpTest" time="0">
    <skipped/>
  </testcase>
  <testcase name="testThatUserCanSignInWithValidCredentials" classname="tests.SignUpTest" time="0">
    <skipped message="Timed out waiting for driver server to start.&#10;Build info: version: &apos;3.141.59&apos;, revision: &apos;e82be7d358&apos;, time: &apos;2018-11-14T08:17:03&apos;&#10;System info: host: &apos;WINDOWS-HIDHT5B&apos;, ip: &apos;192.168.56.1&apos;, os.name: &apos;Windows 10&apos;, os.arch: &apos;amd64&apos;, os.version: &apos;10.0&apos;, java.version: &apos;13.0.1&apos;&#10;Driver info: driver.version: ChromeDriver"/>
  </testcase>
  <testcase name="testThatUserCannotSignInWithInvalidCredentials" classname="tests.SignUpTest" time="0">
    <skipped message="Timed out waiting for driver server to start.&#10;Build info: version: &apos;3.141.59&apos;, revision: &apos;e82be7d358&apos;, time: &apos;2018-11-14T08:17:03&apos;&#10;System info: host: &apos;WINDOWS-HIDHT5B&apos;, ip: &apos;192.168.56.1&apos;, os.name: &apos;Windows 10&apos;, os.arch: &apos;amd64&apos;, os.version: &apos;10.0&apos;, java.version: &apos;13.0.1&apos;&#10;Driver info: driver.version: ChromeDriver"/>
  </testcase>
  <testcase name="testThatUserCannotSignInWithoutEmail" classname="tests.SignUpTest" time="0">
    <skipped message="Timed out waiting for driver server to start.&#10;Build info: version: &apos;3.141.59&apos;, revision: &apos;e82be7d358&apos;, time: &apos;2018-11-14T08:17:03&apos;&#10;System info: host: &apos;WINDOWS-HIDHT5B&apos;, ip: &apos;192.168.56.1&apos;, os.name: &apos;Windows 10&apos;, os.arch: &apos;amd64&apos;, os.version: &apos;10.0&apos;, java.version: &apos;13.0.1&apos;&#10;Driver info: driver.version: ChromeDriver"/>
  </testcase>
  <testcase name="testThatUserCannotSignInWithoutPassword" classname="tests.SignUpTest" time="0">
    <skipped message="Timed out waiting for driver server to start.&#10;Build info: version: &apos;3.141.59&apos;, revision: &apos;e82be7d358&apos;, time: &apos;2018-11-14T08:17:03&apos;&#10;System info: host: &apos;WINDOWS-HIDHT5B&apos;, ip: &apos;192.168.56.1&apos;, os.name: &apos;Windows 10&apos;, os.arch: &apos;amd64&apos;, os.version: &apos;10.0&apos;, java.version: &apos;13.0.1&apos;&#10;Driver info: driver.version: ChromeDriver"/>
  </testcase>
  <testcase name="testThatYouCanSignUpWithValidEmail" classname="tests.SignUpTest" time="0">
    <skipped message="Timed out waiting for driver server to start.&#10;Build info: version: &apos;3.141.59&apos;, revision: &apos;e82be7d358&apos;, time: &apos;2018-11-14T08:17:03&apos;&#10;System info: host: &apos;WINDOWS-HIDHT5B&apos;, ip: &apos;192.168.56.1&apos;, os.name: &apos;Windows 10&apos;, os.arch: &apos;amd64&apos;, os.version: &apos;10.0&apos;, java.version: &apos;13.0.1&apos;&#10;Driver info: driver.version: ChromeDriver"/>
  </testcase>
  <testcase name="testThatYouCannotSignUpWithAnInvalidEmail" classname="tests.SignUpTest" time="0">
    <skipped message="Timed out waiting for driver server to start.&#10;Build info: version: &apos;3.141.59&apos;, revision: &apos;e82be7d358&apos;, time: &apos;2018-11-14T08:17:03&apos;&#10;System info: host: &apos;WINDOWS-HIDHT5B&apos;, ip: &apos;192.168.56.1&apos;, os.name: &apos;Windows 10&apos;, os.arch: &apos;amd64&apos;, os.version: &apos;10.0&apos;, java.version: &apos;13.0.1&apos;&#10;Driver info: driver.version: ChromeDriver"/>
  </testcase>
  <testcase name="cleanUp" classname="tests.SignUpTest" time="0">
    <skipped/>
  </testcase>
  <testcase name="generateReport" classname="tests.DropDownMenuTest" time="0.132">
    <failure type="java.lang.NullPointerException">java.lang.NullPointerException
</failure>
  </testcase>
</testsuite>